<?xml version="1.0" encoding="UTF-8"?>
<testng-results ignored="0" total="27" passed="0" failed="2" skipped="25">
  <reporter-output>
  </reporter-output>
  <suite started-at="2024-06-27T20:41:17 IST" name="Suite" finished-at="2024-06-27T20:42:39 IST" duration-ms="81852">
    <groups>
    </groups>
    <test started-at="2024-06-27T20:41:17 IST" name="EdgeTest" finished-at="2024-06-27T20:41:19 IST" duration-ms="2510">
      <class name="testNG.verifyAddToCartOptionOnApplication">
        <test-method is-config="true" signature="openBrowser(java.lang.String)[pri:0, instance:testNG.verifyAddToCartOptionOnApplication@7dcf94f8]" started-at="2024-06-27T20:41:17 IST" name="openBrowser" finished-at="2024-06-27T20:41:19 IST" duration-ms="2316" status="FAIL">
          <params>
            <param index="0">
              <value>
                <![CDATA[Edge]]>
              </value>
            </param>
          </params>
          <exception class="org.openqa.selenium.SessionNotCreatedException">
            <message>
              <![CDATA[session not created: This version of Microsoft Edge WebDriver only supports Microsoft Edge version 121
Current browser version is 126.0.2592.68 with binary path C:\Program Files (x86)\Microsoft\Edge\Application\msedge.exe
Build info: version: '3.141.59', revision: 'e82be7d358', time: '2018-11-14T08:17:03'
System info: host: 'DESKTOP-BHR3PSD', ip: '192.168.1.8', os.name: 'Windows 11', os.arch: 'amd64', os.version: '10.0', java.version: '17.0.5'
Driver info: driver.version: EdgeDriver
remote stacktrace: GetHandleVerifier [0x00007FF7D72CB892+60738]
Microsoft::Applications::Events::ILogConfiguration::operator* [0x00007FF7D7257B32+233090]
(No symbol) [0x00007FF7D706AE0B]
(No symbol) [0x00007FF7D70A97FC]
(No symbol) [0x00007FF7D70A8AFB]
(No symbol) [0x00007FF7D70A1B58]
(No symbol) [0x00007FF7D709DB18]
(No symbol) [0x00007FF7D70E7389]
(No symbol) [0x00007FF7D70DC233]
(No symbol) [0x00007FF7D70AD568]
(No symbol) [0x00007FF7D70AC394]
(No symbol) [0x00007FF7D70AD101]
Microsoft::Applications::Events::EventProperty::to_string [0x00007FF7D7487D2C+1072924]
(No symbol) [0x00007FF7D7130F45]
(No symbol) [0x00007FF7D71C8F6C]
(No symbol) [0x00007FF7D71C0A5D]
Microsoft::Applications::Events::EventProperty::to_string [0x00007FF7D7486773+1067363]
Microsoft::Applications::Events::ILogConfiguration::operator* [0x00007FF7D7261A88+273880]
Microsoft::Applications::Events::ILogConfiguration::operator* [0x00007FF7D725C794+252644]
Microsoft::Applications::Events::ILogConfiguration::operator* [0x00007FF7D725C8C2+252946]
Microsoft::Applications::Events::ILogConfiguration::operator* [0x00007FF7D7252EC1+213521]
BaseThreadInitThunk [0x00007FF80883257D+29]
RtlUserThreadStart [0x00007FF80A26AF28+40]
]]>
            </message>
            <full-stacktrace>
              <![CDATA[org.openqa.selenium.SessionNotCreatedException: session not created: This version of Microsoft Edge WebDriver only supports Microsoft Edge version 121
Current browser version is 126.0.2592.68 with binary path C:\Program Files (x86)\Microsoft\Edge\Application\msedge.exe
Build info: version: '3.141.59', revision: 'e82be7d358', time: '2018-11-14T08:17:03'
System info: host: 'DESKTOP-BHR3PSD', ip: '192.168.1.8', os.name: 'Windows 11', os.arch: 'amd64', os.version: '10.0', java.version: '17.0.5'
Driver info: driver.version: EdgeDriver
remote stacktrace: GetHandleVerifier [0x00007FF7D72CB892+60738]
Microsoft::Applications::Events::ILogConfiguration::operator* [0x00007FF7D7257B32+233090]
(No symbol) [0x00007FF7D706AE0B]
(No symbol) [0x00007FF7D70A97FC]
(No symbol) [0x00007FF7D70A8AFB]
(No symbol) [0x00007FF7D70A1B58]
(No symbol) [0x00007FF7D709DB18]
(No symbol) [0x00007FF7D70E7389]
(No symbol) [0x00007FF7D70DC233]
(No symbol) [0x00007FF7D70AD568]
(No symbol) [0x00007FF7D70AC394]
(No symbol) [0x00007FF7D70AD101]
Microsoft::Applications::Events::EventProperty::to_string [0x00007FF7D7487D2C+1072924]
(No symbol) [0x00007FF7D7130F45]
(No symbol) [0x00007FF7D71C8F6C]
(No symbol) [0x00007FF7D71C0A5D]
Microsoft::Applications::Events::EventProperty::to_string [0x00007FF7D7486773+1067363]
Microsoft::Applications::Events::ILogConfiguration::operator* [0x00007FF7D7261A88+273880]
Microsoft::Applications::Events::ILogConfiguration::operator* [0x00007FF7D725C794+252644]
Microsoft::Applications::Events::ILogConfiguration::operator* [0x00007FF7D725C8C2+252946]
Microsoft::Applications::Events::ILogConfiguration::operator* [0x00007FF7D7252EC1+213521]
BaseThreadInitThunk [0x00007FF80883257D+29]
RtlUserThreadStart [0x00007FF80A26AF28+40]

at java.base/jdk.internal.reflect.NativeConstructorAccessorImpl.newInstance0(Native Method)
at java.base/jdk.internal.reflect.NativeConstructorAccessorImpl.newInstance(NativeConstructorAccessorImpl.java:77)
at java.base/jdk.internal.reflect.DelegatingConstructorAccessorImpl.newInstance(DelegatingConstructorAccessorImpl.java:45)
at java.base/java.lang.reflect.Constructor.newInstanceWithCaller(Constructor.java:499)
at java.base/java.lang.reflect.Constructor.newInstance(Constructor.java:480)
at org.openqa.selenium.remote.W3CHandshakeResponse.lambda$errorHandler$0(W3CHandshakeResponse.java:62)
at org.openqa.selenium.remote.HandshakeResponse.lambda$getResponseFunction$0(HandshakeResponse.java:30)
at org.openqa.selenium.remote.ProtocolHandshake.lambda$createSession$0(ProtocolHandshake.java:126)
at java.base/java.util.stream.ReferencePipeline$3$1.accept(ReferencePipeline.java:197)
at java.base/java.util.Spliterators$ArraySpliterator.tryAdvance(Spliterators.java:1002)
at java.base/java.util.stream.ReferencePipeline.forEachWithCancel(ReferencePipeline.java:129)
at java.base/java.util.stream.AbstractPipeline.copyIntoWithCancel(AbstractPipeline.java:527)
at java.base/java.util.stream.AbstractPipeline.copyInto(AbstractPipeline.java:513)
at java.base/java.util.stream.AbstractPipeline.wrapAndCopyInto(AbstractPipeline.java:499)
at java.base/java.util.stream.FindOps$FindOp.evaluateSequential(FindOps.java:150)
at java.base/java.util.stream.AbstractPipeline.evaluate(AbstractPipeline.java:234)
at java.base/java.util.stream.ReferencePipeline.findFirst(ReferencePipeline.java:647)
at org.openqa.selenium.remote.ProtocolHandshake.createSession(ProtocolHandshake.java:128)
at org.openqa.selenium.remote.ProtocolHandshake.createSession(ProtocolHandshake.java:74)
at org.openqa.selenium.remote.HttpCommandExecutor.execute(HttpCommandExecutor.java:136)
at org.openqa.selenium.remote.service.DriverCommandExecutor.execute(DriverCommandExecutor.java:83)
at org.openqa.selenium.remote.RemoteWebDriver.execute(RemoteWebDriver.java:552)
at org.openqa.selenium.remote.RemoteWebDriver.startSession(RemoteWebDriver.java:213)
at org.openqa.selenium.remote.RemoteWebDriver.<init>(RemoteWebDriver.java:131)
at org.openqa.selenium.edge.EdgeDriver.<init>(EdgeDriver.java:141)
at org.openqa.selenium.edge.EdgeDriver.<init>(EdgeDriver.java:96)
at browserSelect.Base.openEdgeBrowser(Base.java:27)
at testNG.verifyAddToCartOptionOnApplication.openBrowser(verifyAddToCartOptionOnApplication.java:62)
at java.base/jdk.internal.reflect.NativeMethodAccessorImpl.invoke0(Native Method)
at java.base/jdk.internal.reflect.NativeMethodAccessorImpl.invoke(NativeMethodAccessorImpl.java:77)
at java.base/jdk.internal.reflect.DelegatingMethodAccessorImpl.invoke(DelegatingMethodAccessorImpl.java:43)
at java.base/java.lang.reflect.Method.invoke(Method.java:568)
at org.testng.internal.invokers.MethodInvocationHelper.invokeMethod(MethodInvocationHelper.java:139)
at org.testng.internal.invokers.MethodInvocationHelper.invokeMethodConsideringTimeout(MethodInvocationHelper.java:69)
at org.testng.internal.invokers.ConfigInvoker.invokeConfigurationMethod(ConfigInvoker.java:393)
at org.testng.internal.invokers.ConfigInvoker.invokeConfigurations(ConfigInvoker.java:326)
at org.testng.TestRunner.invokeTestConfigurations(TestRunner.java:661)
at org.testng.TestRunner.beforeRun(TestRunner.java:650)
at org.testng.TestRunner.run(TestRunner.java:612)
at org.testng.SuiteRunner.runTest(SuiteRunner.java:443)
at org.testng.SuiteRunner$SuiteWorker.run(SuiteRunner.java:481)
at org.testng.internal.thread.ThreadUtil.lambda$execute$0(ThreadUtil.java:58)
at java.base/java.util.concurrent.FutureTask.run(FutureTask.java:264)
at java.base/java.util.concurrent.ThreadPoolExecutor.runWorker(ThreadPoolExecutor.java:1136)
at java.base/java.util.concurrent.ThreadPoolExecutor$Worker.run(ThreadPoolExecutor.java:635)
at java.base/java.lang.Thread.run(Thread.java:833)
]]>
            </full-stacktrace>
          </exception> <!-- org.openqa.selenium.SessionNotCreatedException -->
          <reporter-output>
          </reporter-output>
        </test-method> <!-- openBrowser -->
        <test-method is-config="true" signature="createPOMObjects()[pri:0, instance:testNG.verifyAddToCartOptionOnApplication@7dcf94f8]" started-at="2024-06-27T20:41:19 IST" name="createPOMObjects" finished-at="2024-06-27T20:41:19 IST" duration-ms="0" status="SKIP">
          <reporter-output>
          </reporter-output>
        </test-method> <!-- createPOMObjects -->
        <test-method is-config="true" signature="openApplication()[pri:0, instance:testNG.verifyAddToCartOptionOnApplication@7dcf94f8]" started-at="2024-06-27T20:41:19 IST" name="openApplication" finished-at="2024-06-27T20:41:19 IST" duration-ms="0" status="SKIP">
          <reporter-output>
          </reporter-output>
        </test-method> <!-- openApplication -->
        <test-method signature="addToCartFuctionality()[pri:1, instance:testNG.verifyAddToCartOptionOnApplication@7dcf94f8]" started-at="2024-06-27T20:41:19 IST" name="addToCartFuctionality" finished-at="2024-06-27T20:41:19 IST" duration-ms="0" status="SKIP">
          <exception class="org.openqa.selenium.SessionNotCreatedException">
            <message>
              <![CDATA[session not created: This version of Microsoft Edge WebDriver only supports Microsoft Edge version 121
Current browser version is 126.0.2592.68 with binary path C:\Program Files (x86)\Microsoft\Edge\Application\msedge.exe
Build info: version: '3.141.59', revision: 'e82be7d358', time: '2018-11-14T08:17:03'
System info: host: 'DESKTOP-BHR3PSD', ip: '192.168.1.8', os.name: 'Windows 11', os.arch: 'amd64', os.version: '10.0', java.version: '17.0.5'
Driver info: driver.version: EdgeDriver
remote stacktrace: GetHandleVerifier [0x00007FF7D72CB892+60738]
Microsoft::Applications::Events::ILogConfiguration::operator* [0x00007FF7D7257B32+233090]
(No symbol) [0x00007FF7D706AE0B]
(No symbol) [0x00007FF7D70A97FC]
(No symbol) [0x00007FF7D70A8AFB]
(No symbol) [0x00007FF7D70A1B58]
(No symbol) [0x00007FF7D709DB18]
(No symbol) [0x00007FF7D70E7389]
(No symbol) [0x00007FF7D70DC233]
(No symbol) [0x00007FF7D70AD568]
(No symbol) [0x00007FF7D70AC394]
(No symbol) [0x00007FF7D70AD101]
Microsoft::Applications::Events::EventProperty::to_string [0x00007FF7D7487D2C+1072924]
(No symbol) [0x00007FF7D7130F45]
(No symbol) [0x00007FF7D71C8F6C]
(No symbol) [0x00007FF7D71C0A5D]
Microsoft::Applications::Events::EventProperty::to_string [0x00007FF7D7486773+1067363]
Microsoft::Applications::Events::ILogConfiguration::operator* [0x00007FF7D7261A88+273880]
Microsoft::Applications::Events::ILogConfiguration::operator* [0x00007FF7D725C794+252644]
Microsoft::Applications::Events::ILogConfiguration::operator* [0x00007FF7D725C8C2+252946]
Microsoft::Applications::Events::ILogConfiguration::operator* [0x00007FF7D7252EC1+213521]
BaseThreadInitThunk [0x00007FF80883257D+29]
RtlUserThreadStart [0x00007FF80A26AF28+40]
]]>
            </message>
            <full-stacktrace>
              <![CDATA[org.openqa.selenium.SessionNotCreatedException: session not created: This version of Microsoft Edge WebDriver only supports Microsoft Edge version 121
Current browser version is 126.0.2592.68 with binary path C:\Program Files (x86)\Microsoft\Edge\Application\msedge.exe
Build info: version: '3.141.59', revision: 'e82be7d358', time: '2018-11-14T08:17:03'
System info: host: 'DESKTOP-BHR3PSD', ip: '192.168.1.8', os.name: 'Windows 11', os.arch: 'amd64', os.version: '10.0', java.version: '17.0.5'
Driver info: driver.version: EdgeDriver
remote stacktrace: GetHandleVerifier [0x00007FF7D72CB892+60738]
Microsoft::Applications::Events::ILogConfiguration::operator* [0x00007FF7D7257B32+233090]
(No symbol) [0x00007FF7D706AE0B]
(No symbol) [0x00007FF7D70A97FC]
(No symbol) [0x00007FF7D70A8AFB]
(No symbol) [0x00007FF7D70A1B58]
(No symbol) [0x00007FF7D709DB18]
(No symbol) [0x00007FF7D70E7389]
(No symbol) [0x00007FF7D70DC233]
(No symbol) [0x00007FF7D70AD568]
(No symbol) [0x00007FF7D70AC394]
(No symbol) [0x00007FF7D70AD101]
Microsoft::Applications::Events::EventProperty::to_string [0x00007FF7D7487D2C+1072924]
(No symbol) [0x00007FF7D7130F45]
(No symbol) [0x00007FF7D71C8F6C]
(No symbol) [0x00007FF7D71C0A5D]
Microsoft::Applications::Events::EventProperty::to_string [0x00007FF7D7486773+1067363]
Microsoft::Applications::Events::ILogConfiguration::operator* [0x00007FF7D7261A88+273880]
Microsoft::Applications::Events::ILogConfiguration::operator* [0x00007FF7D725C794+252644]
Microsoft::Applications::Events::ILogConfiguration::operator* [0x00007FF7D725C8C2+252946]
Microsoft::Applications::Events::ILogConfiguration::operator* [0x00007FF7D7252EC1+213521]
BaseThreadInitThunk [0x00007FF80883257D+29]
RtlUserThreadStart [0x00007FF80A26AF28+40]

at java.base/jdk.internal.reflect.NativeConstructorAccessorImpl.newInstance0(Native Method)
at java.base/jdk.internal.reflect.NativeConstructorAccessorImpl.newInstance(NativeConstructorAccessorImpl.java:77)
at java.base/jdk.internal.reflect.DelegatingConstructorAccessorImpl.newInstance(DelegatingConstructorAccessorImpl.java:45)
at java.base/java.lang.reflect.Constructor.newInstanceWithCaller(Constructor.java:499)
at java.base/java.lang.reflect.Constructor.newInstance(Constructor.java:480)
at org.openqa.selenium.remote.W3CHandshakeResponse.lambda$errorHandler$0(W3CHandshakeResponse.java:62)
at org.openqa.selenium.remote.HandshakeResponse.lambda$getResponseFunction$0(HandshakeResponse.java:30)
at org.openqa.selenium.remote.ProtocolHandshake.lambda$createSession$0(ProtocolHandshake.java:126)
at java.base/java.util.stream.ReferencePipeline$3$1.accept(ReferencePipeline.java:197)
at java.base/java.util.Spliterators$ArraySpliterator.tryAdvance(Spliterators.java:1002)
at java.base/java.util.stream.ReferencePipeline.forEachWithCancel(ReferencePipeline.java:129)
at java.base/java.util.stream.AbstractPipeline.copyIntoWithCancel(AbstractPipeline.java:527)
at java.base/java.util.stream.AbstractPipeline.copyInto(AbstractPipeline.java:513)
at java.base/java.util.stream.AbstractPipeline.wrapAndCopyInto(AbstractPipeline.java:499)
at java.base/java.util.stream.FindOps$FindOp.evaluateSequential(FindOps.java:150)
at java.base/java.util.stream.AbstractPipeline.evaluate(AbstractPipeline.java:234)
at java.base/java.util.stream.ReferencePipeline.findFirst(ReferencePipeline.java:647)
at org.openqa.selenium.remote.ProtocolHandshake.createSession(ProtocolHandshake.java:128)
at org.openqa.selenium.remote.ProtocolHandshake.createSession(ProtocolHandshake.java:74)
at org.openqa.selenium.remote.HttpCommandExecutor.execute(HttpCommandExecutor.java:136)
at org.openqa.selenium.remote.service.DriverCommandExecutor.execute(DriverCommandExecutor.java:83)
at org.openqa.selenium.remote.RemoteWebDriver.execute(RemoteWebDriver.java:552)
at org.openqa.selenium.remote.RemoteWebDriver.startSession(RemoteWebDriver.java:213)
at org.openqa.selenium.remote.RemoteWebDriver.<init>(RemoteWebDriver.java:131)
at org.openqa.selenium.edge.EdgeDriver.<init>(EdgeDriver.java:141)
at org.openqa.selenium.edge.EdgeDriver.<init>(EdgeDriver.java:96)
at browserSelect.Base.openEdgeBrowser(Base.java:27)
at testNG.verifyAddToCartOptionOnApplication.openBrowser(verifyAddToCartOptionOnApplication.java:62)
at java.base/jdk.internal.reflect.NativeMethodAccessorImpl.invoke0(Native Method)
at java.base/jdk.internal.reflect.NativeMethodAccessorImpl.invoke(NativeMethodAccessorImpl.java:77)
at java.base/jdk.internal.reflect.DelegatingMethodAccessorImpl.invoke(DelegatingMethodAccessorImpl.java:43)
at java.base/java.lang.reflect.Method.invoke(Method.java:568)
at org.testng.internal.invokers.MethodInvocationHelper.invokeMethod(MethodInvocationHelper.java:139)
at org.testng.internal.invokers.MethodInvocationHelper.invokeMethodConsideringTimeout(MethodInvocationHelper.java:69)
at org.testng.internal.invokers.ConfigInvoker.invokeConfigurationMethod(ConfigInvoker.java:393)
at org.testng.internal.invokers.ConfigInvoker.invokeConfigurations(ConfigInvoker.java:326)
at org.testng.TestRunner.invokeTestConfigurations(TestRunner.java:661)
at org.testng.TestRunner.beforeRun(TestRunner.java:650)
at org.testng.TestRunner.run(TestRunner.java:612)
at org.testng.SuiteRunner.runTest(SuiteRunner.java:443)
at org.testng.SuiteRunner$SuiteWorker.run(SuiteRunner.java:481)
at org.testng.internal.thread.ThreadUtil.lambda$execute$0(ThreadUtil.java:58)
at java.base/java.util.concurrent.FutureTask.run(FutureTask.java:264)
at java.base/java.util.concurrent.ThreadPoolExecutor.runWorker(ThreadPoolExecutor.java:1136)
at java.base/java.util.concurrent.ThreadPoolExecutor$Worker.run(ThreadPoolExecutor.java:635)
at java.base/java.lang.Thread.run(Thread.java:833)
]]>
            </full-stacktrace>
          </exception> <!-- org.openqa.selenium.SessionNotCreatedException -->
          <reporter-output>
          </reporter-output>
        </test-method> <!-- addToCartFuctionality -->
        <test-method is-config="true" signature="logOutApplication(org.testng.ITestResult)[pri:0, instance:testNG.verifyAddToCartOptionOnApplication@7dcf94f8]" started-at="2024-06-27T20:41:19 IST" name="logOutApplication" finished-at="2024-06-27T20:41:19 IST" duration-ms="0" status="SKIP">
          <reporter-output>
          </reporter-output>
        </test-method> <!-- logOutApplication -->
        <test-method is-config="true" signature="openApplication()[pri:0, instance:testNG.verifyAddToCartOptionOnApplication@7dcf94f8]" started-at="2024-06-27T20:41:19 IST" name="openApplication" finished-at="2024-06-27T20:41:19 IST" duration-ms="0" status="SKIP">
          <reporter-output>
          </reporter-output>
        </test-method> <!-- openApplication -->
        <test-method signature="buyNowFunctionality()[pri:2, instance:testNG.verifyAddToCartOptionOnApplication@7dcf94f8]" started-at="2024-06-27T20:41:19 IST" name="buyNowFunctionality" finished-at="2024-06-27T20:41:19 IST" duration-ms="1" status="SKIP">
          <exception class="org.openqa.selenium.SessionNotCreatedException">
            <message>
              <![CDATA[session not created: This version of Microsoft Edge WebDriver only supports Microsoft Edge version 121
Current browser version is 126.0.2592.68 with binary path C:\Program Files (x86)\Microsoft\Edge\Application\msedge.exe
Build info: version: '3.141.59', revision: 'e82be7d358', time: '2018-11-14T08:17:03'
System info: host: 'DESKTOP-BHR3PSD', ip: '192.168.1.8', os.name: 'Windows 11', os.arch: 'amd64', os.version: '10.0', java.version: '17.0.5'
Driver info: driver.version: EdgeDriver
remote stacktrace: GetHandleVerifier [0x00007FF7D72CB892+60738]
Microsoft::Applications::Events::ILogConfiguration::operator* [0x00007FF7D7257B32+233090]
(No symbol) [0x00007FF7D706AE0B]
(No symbol) [0x00007FF7D70A97FC]
(No symbol) [0x00007FF7D70A8AFB]
(No symbol) [0x00007FF7D70A1B58]
(No symbol) [0x00007FF7D709DB18]
(No symbol) [0x00007FF7D70E7389]
(No symbol) [0x00007FF7D70DC233]
(No symbol) [0x00007FF7D70AD568]
(No symbol) [0x00007FF7D70AC394]
(No symbol) [0x00007FF7D70AD101]
Microsoft::Applications::Events::EventProperty::to_string [0x00007FF7D7487D2C+1072924]
(No symbol) [0x00007FF7D7130F45]
(No symbol) [0x00007FF7D71C8F6C]
(No symbol) [0x00007FF7D71C0A5D]
Microsoft::Applications::Events::EventProperty::to_string [0x00007FF7D7486773+1067363]
Microsoft::Applications::Events::ILogConfiguration::operator* [0x00007FF7D7261A88+273880]
Microsoft::Applications::Events::ILogConfiguration::operator* [0x00007FF7D725C794+252644]
Microsoft::Applications::Events::ILogConfiguration::operator* [0x00007FF7D725C8C2+252946]
Microsoft::Applications::Events::ILogConfiguration::operator* [0x00007FF7D7252EC1+213521]
BaseThreadInitThunk [0x00007FF80883257D+29]
RtlUserThreadStart [0x00007FF80A26AF28+40]
]]>
            </message>
            <full-stacktrace>
              <![CDATA[org.openqa.selenium.SessionNotCreatedException: session not created: This version of Microsoft Edge WebDriver only supports Microsoft Edge version 121
Current browser version is 126.0.2592.68 with binary path C:\Program Files (x86)\Microsoft\Edge\Application\msedge.exe
Build info: version: '3.141.59', revision: 'e82be7d358', time: '2018-11-14T08:17:03'
System info: host: 'DESKTOP-BHR3PSD', ip: '192.168.1.8', os.name: 'Windows 11', os.arch: 'amd64', os.version: '10.0', java.version: '17.0.5'
Driver info: driver.version: EdgeDriver
remote stacktrace: GetHandleVerifier [0x00007FF7D72CB892+60738]
Microsoft::Applications::Events::ILogConfiguration::operator* [0x00007FF7D7257B32+233090]
(No symbol) [0x00007FF7D706AE0B]
(No symbol) [0x00007FF7D70A97FC]
(No symbol) [0x00007FF7D70A8AFB]
(No symbol) [0x00007FF7D70A1B58]
(No symbol) [0x00007FF7D709DB18]
(No symbol) [0x00007FF7D70E7389]
(No symbol) [0x00007FF7D70DC233]
(No symbol) [0x00007FF7D70AD568]
(No symbol) [0x00007FF7D70AC394]
(No symbol) [0x00007FF7D70AD101]
Microsoft::Applications::Events::EventProperty::to_string [0x00007FF7D7487D2C+1072924]
(No symbol) [0x00007FF7D7130F45]
(No symbol) [0x00007FF7D71C8F6C]
(No symbol) [0x00007FF7D71C0A5D]
Microsoft::Applications::Events::EventProperty::to_string [0x00007FF7D7486773+1067363]
Microsoft::Applications::Events::ILogConfiguration::operator* [0x00007FF7D7261A88+273880]
Microsoft::Applications::Events::ILogConfiguration::operator* [0x00007FF7D725C794+252644]
Microsoft::Applications::Events::ILogConfiguration::operator* [0x00007FF7D725C8C2+252946]
Microsoft::Applications::Events::ILogConfiguration::operator* [0x00007FF7D7252EC1+213521]
BaseThreadInitThunk [0x00007FF80883257D+29]
RtlUserThreadStart [0x00007FF80A26AF28+40]

at java.base/jdk.internal.reflect.NativeConstructorAccessorImpl.newInstance0(Native Method)
at java.base/jdk.internal.reflect.NativeConstructorAccessorImpl.newInstance(NativeConstructorAccessorImpl.java:77)
at java.base/jdk.internal.reflect.DelegatingConstructorAccessorImpl.newInstance(DelegatingConstructorAccessorImpl.java:45)
at java.base/java.lang.reflect.Constructor.newInstanceWithCaller(Constructor.java:499)
at java.base/java.lang.reflect.Constructor.newInstance(Constructor.java:480)
at org.openqa.selenium.remote.W3CHandshakeResponse.lambda$errorHandler$0(W3CHandshakeResponse.java:62)
at org.openqa.selenium.remote.HandshakeResponse.lambda$getResponseFunction$0(HandshakeResponse.java:30)
at org.openqa.selenium.remote.ProtocolHandshake.lambda$createSession$0(ProtocolHandshake.java:126)
at java.base/java.util.stream.ReferencePipeline$3$1.accept(ReferencePipeline.java:197)
at java.base/java.util.Spliterators$ArraySpliterator.tryAdvance(Spliterators.java:1002)
at java.base/java.util.stream.ReferencePipeline.forEachWithCancel(ReferencePipeline.java:129)
at java.base/java.util.stream.AbstractPipeline.copyIntoWithCancel(AbstractPipeline.java:527)
at java.base/java.util.stream.AbstractPipeline.copyInto(AbstractPipeline.java:513)
at java.base/java.util.stream.AbstractPipeline.wrapAndCopyInto(AbstractPipeline.java:499)
at java.base/java.util.stream.FindOps$FindOp.evaluateSequential(FindOps.java:150)
at java.base/java.util.stream.AbstractPipeline.evaluate(AbstractPipeline.java:234)
at java.base/java.util.stream.ReferencePipeline.findFirst(ReferencePipeline.java:647)
at org.openqa.selenium.remote.ProtocolHandshake.createSession(ProtocolHandshake.java:128)
at org.openqa.selenium.remote.ProtocolHandshake.createSession(ProtocolHandshake.java:74)
at org.openqa.selenium.remote.HttpCommandExecutor.execute(HttpCommandExecutor.java:136)
at org.openqa.selenium.remote.service.DriverCommandExecutor.execute(DriverCommandExecutor.java:83)
at org.openqa.selenium.remote.RemoteWebDriver.execute(RemoteWebDriver.java:552)
at org.openqa.selenium.remote.RemoteWebDriver.startSession(RemoteWebDriver.java:213)
at org.openqa.selenium.remote.RemoteWebDriver.<init>(RemoteWebDriver.java:131)
at org.openqa.selenium.edge.EdgeDriver.<init>(EdgeDriver.java:141)
at org.openqa.selenium.edge.EdgeDriver.<init>(EdgeDriver.java:96)
at browserSelect.Base.openEdgeBrowser(Base.java:27)
at testNG.verifyAddToCartOptionOnApplication.openBrowser(verifyAddToCartOptionOnApplication.java:62)
at java.base/jdk.internal.reflect.NativeMethodAccessorImpl.invoke0(Native Method)
at java.base/jdk.internal.reflect.NativeMethodAccessorImpl.invoke(NativeMethodAccessorImpl.java:77)
at java.base/jdk.internal.reflect.DelegatingMethodAccessorImpl.invoke(DelegatingMethodAccessorImpl.java:43)
at java.base/java.lang.reflect.Method.invoke(Method.java:568)
at org.testng.internal.invokers.MethodInvocationHelper.invokeMethod(MethodInvocationHelper.java:139)
at org.testng.internal.invokers.MethodInvocationHelper.invokeMethodConsideringTimeout(MethodInvocationHelper.java:69)
at org.testng.internal.invokers.ConfigInvoker.invokeConfigurationMethod(ConfigInvoker.java:393)
at org.testng.internal.invokers.ConfigInvoker.invokeConfigurations(ConfigInvoker.java:326)
at org.testng.TestRunner.invokeTestConfigurations(TestRunner.java:661)
at org.testng.TestRunner.beforeRun(TestRunner.java:650)
at org.testng.TestRunner.run(TestRunner.java:612)
at org.testng.SuiteRunner.runTest(SuiteRunner.java:443)
at org.testng.SuiteRunner$SuiteWorker.run(SuiteRunner.java:481)
at org.testng.internal.thread.ThreadUtil.lambda$execute$0(ThreadUtil.java:58)
at java.base/java.util.concurrent.FutureTask.run(FutureTask.java:264)
at java.base/java.util.concurrent.ThreadPoolExecutor.runWorker(ThreadPoolExecutor.java:1136)
at java.base/java.util.concurrent.ThreadPoolExecutor$Worker.run(ThreadPoolExecutor.java:635)
at java.base/java.lang.Thread.run(Thread.java:833)
]]>
            </full-stacktrace>
          </exception> <!-- org.openqa.selenium.SessionNotCreatedException -->
          <reporter-output>
          </reporter-output>
        </test-method> <!-- buyNowFunctionality -->
        <test-method is-config="true" signature="logOutApplication(org.testng.ITestResult)[pri:0, instance:testNG.verifyAddToCartOptionOnApplication@7dcf94f8]" started-at="2024-06-27T20:41:19 IST" name="logOutApplication" finished-at="2024-06-27T20:41:19 IST" duration-ms="0" status="SKIP">
          <reporter-output>
          </reporter-output>
        </test-method> <!-- logOutApplication -->
        <test-method is-config="true" signature="clearObjects()[pri:0, instance:testNG.verifyAddToCartOptionOnApplication@7dcf94f8]" started-at="2024-06-27T20:41:19 IST" name="clearObjects" finished-at="2024-06-27T20:41:19 IST" duration-ms="0" status="SKIP">
          <reporter-output>
          </reporter-output>
        </test-method> <!-- clearObjects -->
        <test-method is-config="true" signature="closeBrowser()[pri:0, instance:testNG.verifyAddToCartOptionOnApplication@7dcf94f8]" started-at="2024-06-27T20:41:19 IST" name="closeBrowser" finished-at="2024-06-27T20:41:19 IST" duration-ms="0" status="SKIP">
          <reporter-output>
          </reporter-output>
        </test-method> <!-- closeBrowser -->
      </class> <!-- testNG.verifyAddToCartOptionOnApplication -->
      <class name="testNG.verifyPrimeVideoTrailerPlayFuctionality">
        <test-method is-config="true" signature="openBrowser(java.lang.String)[pri:0, instance:testNG.verifyPrimeVideoTrailerPlayFuctionality@662ac478]" started-at="2024-06-27T20:41:19 IST" name="openBrowser" finished-at="2024-06-27T20:41:19 IST" duration-ms="0" status="SKIP">
          <reporter-output>
          </reporter-output>
        </test-method> <!-- openBrowser -->
        <test-method is-config="true" signature="createPOMObjects()[pri:0, instance:testNG.verifyPrimeVideoTrailerPlayFuctionality@662ac478]" started-at="2024-06-27T20:41:19 IST" name="createPOMObjects" finished-at="2024-06-27T20:41:19 IST" duration-ms="0" status="SKIP">
          <reporter-output>
          </reporter-output>
        </test-method> <!-- createPOMObjects -->
        <test-method is-config="true" signature="openApplication()[pri:0, instance:testNG.verifyPrimeVideoTrailerPlayFuctionality@662ac478]" started-at="2024-06-27T20:41:19 IST" name="openApplication" finished-at="2024-06-27T20:41:19 IST" duration-ms="0" status="SKIP">
          <reporter-output>
          </reporter-output>
        </test-method> <!-- openApplication -->
        <test-method signature="primeVideosectionFuctionality()[pri:1, instance:testNG.verifyPrimeVideoTrailerPlayFuctionality@662ac478]" started-at="2024-06-27T20:41:19 IST" name="primeVideosectionFuctionality" finished-at="2024-06-27T20:41:19 IST" duration-ms="0" status="SKIP">
          <exception class="org.openqa.selenium.SessionNotCreatedException">
            <message>
              <![CDATA[session not created: This version of Microsoft Edge WebDriver only supports Microsoft Edge version 121
Current browser version is 126.0.2592.68 with binary path C:\Program Files (x86)\Microsoft\Edge\Application\msedge.exe
Build info: version: '3.141.59', revision: 'e82be7d358', time: '2018-11-14T08:17:03'
System info: host: 'DESKTOP-BHR3PSD', ip: '192.168.1.8', os.name: 'Windows 11', os.arch: 'amd64', os.version: '10.0', java.version: '17.0.5'
Driver info: driver.version: EdgeDriver
remote stacktrace: GetHandleVerifier [0x00007FF7D72CB892+60738]
Microsoft::Applications::Events::ILogConfiguration::operator* [0x00007FF7D7257B32+233090]
(No symbol) [0x00007FF7D706AE0B]
(No symbol) [0x00007FF7D70A97FC]
(No symbol) [0x00007FF7D70A8AFB]
(No symbol) [0x00007FF7D70A1B58]
(No symbol) [0x00007FF7D709DB18]
(No symbol) [0x00007FF7D70E7389]
(No symbol) [0x00007FF7D70DC233]
(No symbol) [0x00007FF7D70AD568]
(No symbol) [0x00007FF7D70AC394]
(No symbol) [0x00007FF7D70AD101]
Microsoft::Applications::Events::EventProperty::to_string [0x00007FF7D7487D2C+1072924]
(No symbol) [0x00007FF7D7130F45]
(No symbol) [0x00007FF7D71C8F6C]
(No symbol) [0x00007FF7D71C0A5D]
Microsoft::Applications::Events::EventProperty::to_string [0x00007FF7D7486773+1067363]
Microsoft::Applications::Events::ILogConfiguration::operator* [0x00007FF7D7261A88+273880]
Microsoft::Applications::Events::ILogConfiguration::operator* [0x00007FF7D725C794+252644]
Microsoft::Applications::Events::ILogConfiguration::operator* [0x00007FF7D725C8C2+252946]
Microsoft::Applications::Events::ILogConfiguration::operator* [0x00007FF7D7252EC1+213521]
BaseThreadInitThunk [0x00007FF80883257D+29]
RtlUserThreadStart [0x00007FF80A26AF28+40]
]]>
            </message>
            <full-stacktrace>
              <![CDATA[org.openqa.selenium.SessionNotCreatedException: session not created: This version of Microsoft Edge WebDriver only supports Microsoft Edge version 121
Current browser version is 126.0.2592.68 with binary path C:\Program Files (x86)\Microsoft\Edge\Application\msedge.exe
Build info: version: '3.141.59', revision: 'e82be7d358', time: '2018-11-14T08:17:03'
System info: host: 'DESKTOP-BHR3PSD', ip: '192.168.1.8', os.name: 'Windows 11', os.arch: 'amd64', os.version: '10.0', java.version: '17.0.5'
Driver info: driver.version: EdgeDriver
remote stacktrace: GetHandleVerifier [0x00007FF7D72CB892+60738]
Microsoft::Applications::Events::ILogConfiguration::operator* [0x00007FF7D7257B32+233090]
(No symbol) [0x00007FF7D706AE0B]
(No symbol) [0x00007FF7D70A97FC]
(No symbol) [0x00007FF7D70A8AFB]
(No symbol) [0x00007FF7D70A1B58]
(No symbol) [0x00007FF7D709DB18]
(No symbol) [0x00007FF7D70E7389]
(No symbol) [0x00007FF7D70DC233]
(No symbol) [0x00007FF7D70AD568]
(No symbol) [0x00007FF7D70AC394]
(No symbol) [0x00007FF7D70AD101]
Microsoft::Applications::Events::EventProperty::to_string [0x00007FF7D7487D2C+1072924]
(No symbol) [0x00007FF7D7130F45]
(No symbol) [0x00007FF7D71C8F6C]
(No symbol) [0x00007FF7D71C0A5D]
Microsoft::Applications::Events::EventProperty::to_string [0x00007FF7D7486773+1067363]
Microsoft::Applications::Events::ILogConfiguration::operator* [0x00007FF7D7261A88+273880]
Microsoft::Applications::Events::ILogConfiguration::operator* [0x00007FF7D725C794+252644]
Microsoft::Applications::Events::ILogConfiguration::operator* [0x00007FF7D725C8C2+252946]
Microsoft::Applications::Events::ILogConfiguration::operator* [0x00007FF7D7252EC1+213521]
BaseThreadInitThunk [0x00007FF80883257D+29]
RtlUserThreadStart [0x00007FF80A26AF28+40]

at java.base/jdk.internal.reflect.NativeConstructorAccessorImpl.newInstance0(Native Method)
at java.base/jdk.internal.reflect.NativeConstructorAccessorImpl.newInstance(NativeConstructorAccessorImpl.java:77)
at java.base/jdk.internal.reflect.DelegatingConstructorAccessorImpl.newInstance(DelegatingConstructorAccessorImpl.java:45)
at java.base/java.lang.reflect.Constructor.newInstanceWithCaller(Constructor.java:499)
at java.base/java.lang.reflect.Constructor.newInstance(Constructor.java:480)
at org.openqa.selenium.remote.W3CHandshakeResponse.lambda$errorHandler$0(W3CHandshakeResponse.java:62)
at org.openqa.selenium.remote.HandshakeResponse.lambda$getResponseFunction$0(HandshakeResponse.java:30)
at org.openqa.selenium.remote.ProtocolHandshake.lambda$createSession$0(ProtocolHandshake.java:126)
at java.base/java.util.stream.ReferencePipeline$3$1.accept(ReferencePipeline.java:197)
at java.base/java.util.Spliterators$ArraySpliterator.tryAdvance(Spliterators.java:1002)
at java.base/java.util.stream.ReferencePipeline.forEachWithCancel(ReferencePipeline.java:129)
at java.base/java.util.stream.AbstractPipeline.copyIntoWithCancel(AbstractPipeline.java:527)
at java.base/java.util.stream.AbstractPipeline.copyInto(AbstractPipeline.java:513)
at java.base/java.util.stream.AbstractPipeline.wrapAndCopyInto(AbstractPipeline.java:499)
at java.base/java.util.stream.FindOps$FindOp.evaluateSequential(FindOps.java:150)
at java.base/java.util.stream.AbstractPipeline.evaluate(AbstractPipeline.java:234)
at java.base/java.util.stream.ReferencePipeline.findFirst(ReferencePipeline.java:647)
at org.openqa.selenium.remote.ProtocolHandshake.createSession(ProtocolHandshake.java:128)
at org.openqa.selenium.remote.ProtocolHandshake.createSession(ProtocolHandshake.java:74)
at org.openqa.selenium.remote.HttpCommandExecutor.execute(HttpCommandExecutor.java:136)
at org.openqa.selenium.remote.service.DriverCommandExecutor.execute(DriverCommandExecutor.java:83)
at org.openqa.selenium.remote.RemoteWebDriver.execute(RemoteWebDriver.java:552)
at org.openqa.selenium.remote.RemoteWebDriver.startSession(RemoteWebDriver.java:213)
at org.openqa.selenium.remote.RemoteWebDriver.<init>(RemoteWebDriver.java:131)
at org.openqa.selenium.edge.EdgeDriver.<init>(EdgeDriver.java:141)
at org.openqa.selenium.edge.EdgeDriver.<init>(EdgeDriver.java:96)
at browserSelect.Base.openEdgeBrowser(Base.java:27)
at testNG.verifyAddToCartOptionOnApplication.openBrowser(verifyAddToCartOptionOnApplication.java:62)
at java.base/jdk.internal.reflect.NativeMethodAccessorImpl.invoke0(Native Method)
at java.base/jdk.internal.reflect.NativeMethodAccessorImpl.invoke(NativeMethodAccessorImpl.java:77)
at java.base/jdk.internal.reflect.DelegatingMethodAccessorImpl.invoke(DelegatingMethodAccessorImpl.java:43)
at java.base/java.lang.reflect.Method.invoke(Method.java:568)
at org.testng.internal.invokers.MethodInvocationHelper.invokeMethod(MethodInvocationHelper.java:139)
at org.testng.internal.invokers.MethodInvocationHelper.invokeMethodConsideringTimeout(MethodInvocationHelper.java:69)
at org.testng.internal.invokers.ConfigInvoker.invokeConfigurationMethod(ConfigInvoker.java:393)
at org.testng.internal.invokers.ConfigInvoker.invokeConfigurations(ConfigInvoker.java:326)
at org.testng.TestRunner.invokeTestConfigurations(TestRunner.java:661)
at org.testng.TestRunner.beforeRun(TestRunner.java:650)
at org.testng.TestRunner.run(TestRunner.java:612)
at org.testng.SuiteRunner.runTest(SuiteRunner.java:443)
at org.testng.SuiteRunner$SuiteWorker.run(SuiteRunner.java:481)
at org.testng.internal.thread.ThreadUtil.lambda$execute$0(ThreadUtil.java:58)
at java.base/java.util.concurrent.FutureTask.run(FutureTask.java:264)
at java.base/java.util.concurrent.ThreadPoolExecutor.runWorker(ThreadPoolExecutor.java:1136)
at java.base/java.util.concurrent.ThreadPoolExecutor$Worker.run(ThreadPoolExecutor.java:635)
at java.base/java.lang.Thread.run(Thread.java:833)
]]>
            </full-stacktrace>
          </exception> <!-- org.openqa.selenium.SessionNotCreatedException -->
          <reporter-output>
          </reporter-output>
        </test-method> <!-- primeVideosectionFuctionality -->
        <test-method is-config="true" signature="closeApplication(org.testng.ITestResult)[pri:0, instance:testNG.verifyPrimeVideoTrailerPlayFuctionality@662ac478]" started-at="2024-06-27T20:41:19 IST" name="closeApplication" finished-at="2024-06-27T20:41:19 IST" duration-ms="0" status="SKIP">
          <reporter-output>
          </reporter-output>
        </test-method> <!-- closeApplication -->
        <test-method is-config="true" signature="openApplication()[pri:0, instance:testNG.verifyPrimeVideoTrailerPlayFuctionality@662ac478]" started-at="2024-06-27T20:41:19 IST" name="openApplication" finished-at="2024-06-27T20:41:19 IST" duration-ms="0" status="SKIP">
          <reporter-output>
          </reporter-output>
        </test-method> <!-- openApplication -->
        <test-method signature="verifyCategorySectionInPrimeVideo()[pri:2, instance:testNG.verifyPrimeVideoTrailerPlayFuctionality@662ac478]" started-at="2024-06-27T20:41:19 IST" name="verifyCategorySectionInPrimeVideo" finished-at="2024-06-27T20:41:19 IST" duration-ms="0" status="SKIP">
          <exception class="org.openqa.selenium.SessionNotCreatedException">
            <message>
              <![CDATA[session not created: This version of Microsoft Edge WebDriver only supports Microsoft Edge version 121
Current browser version is 126.0.2592.68 with binary path C:\Program Files (x86)\Microsoft\Edge\Application\msedge.exe
Build info: version: '3.141.59', revision: 'e82be7d358', time: '2018-11-14T08:17:03'
System info: host: 'DESKTOP-BHR3PSD', ip: '192.168.1.8', os.name: 'Windows 11', os.arch: 'amd64', os.version: '10.0', java.version: '17.0.5'
Driver info: driver.version: EdgeDriver
remote stacktrace: GetHandleVerifier [0x00007FF7D72CB892+60738]
Microsoft::Applications::Events::ILogConfiguration::operator* [0x00007FF7D7257B32+233090]
(No symbol) [0x00007FF7D706AE0B]
(No symbol) [0x00007FF7D70A97FC]
(No symbol) [0x00007FF7D70A8AFB]
(No symbol) [0x00007FF7D70A1B58]
(No symbol) [0x00007FF7D709DB18]
(No symbol) [0x00007FF7D70E7389]
(No symbol) [0x00007FF7D70DC233]
(No symbol) [0x00007FF7D70AD568]
(No symbol) [0x00007FF7D70AC394]
(No symbol) [0x00007FF7D70AD101]
Microsoft::Applications::Events::EventProperty::to_string [0x00007FF7D7487D2C+1072924]
(No symbol) [0x00007FF7D7130F45]
(No symbol) [0x00007FF7D71C8F6C]
(No symbol) [0x00007FF7D71C0A5D]
Microsoft::Applications::Events::EventProperty::to_string [0x00007FF7D7486773+1067363]
Microsoft::Applications::Events::ILogConfiguration::operator* [0x00007FF7D7261A88+273880]
Microsoft::Applications::Events::ILogConfiguration::operator* [0x00007FF7D725C794+252644]
Microsoft::Applications::Events::ILogConfiguration::operator* [0x00007FF7D725C8C2+252946]
Microsoft::Applications::Events::ILogConfiguration::operator* [0x00007FF7D7252EC1+213521]
BaseThreadInitThunk [0x00007FF80883257D+29]
RtlUserThreadStart [0x00007FF80A26AF28+40]
]]>
            </message>
            <full-stacktrace>
              <![CDATA[org.openqa.selenium.SessionNotCreatedException: session not created: This version of Microsoft Edge WebDriver only supports Microsoft Edge version 121
Current browser version is 126.0.2592.68 with binary path C:\Program Files (x86)\Microsoft\Edge\Application\msedge.exe
Build info: version: '3.141.59', revision: 'e82be7d358', time: '2018-11-14T08:17:03'
System info: host: 'DESKTOP-BHR3PSD', ip: '192.168.1.8', os.name: 'Windows 11', os.arch: 'amd64', os.version: '10.0', java.version: '17.0.5'
Driver info: driver.version: EdgeDriver
remote stacktrace: GetHandleVerifier [0x00007FF7D72CB892+60738]
Microsoft::Applications::Events::ILogConfiguration::operator* [0x00007FF7D7257B32+233090]
(No symbol) [0x00007FF7D706AE0B]
(No symbol) [0x00007FF7D70A97FC]
(No symbol) [0x00007FF7D70A8AFB]
(No symbol) [0x00007FF7D70A1B58]
(No symbol) [0x00007FF7D709DB18]
(No symbol) [0x00007FF7D70E7389]
(No symbol) [0x00007FF7D70DC233]
(No symbol) [0x00007FF7D70AD568]
(No symbol) [0x00007FF7D70AC394]
(No symbol) [0x00007FF7D70AD101]
Microsoft::Applications::Events::EventProperty::to_string [0x00007FF7D7487D2C+1072924]
(No symbol) [0x00007FF7D7130F45]
(No symbol) [0x00007FF7D71C8F6C]
(No symbol) [0x00007FF7D71C0A5D]
Microsoft::Applications::Events::EventProperty::to_string [0x00007FF7D7486773+1067363]
Microsoft::Applications::Events::ILogConfiguration::operator* [0x00007FF7D7261A88+273880]
Microsoft::Applications::Events::ILogConfiguration::operator* [0x00007FF7D725C794+252644]
Microsoft::Applications::Events::ILogConfiguration::operator* [0x00007FF7D725C8C2+252946]
Microsoft::Applications::Events::ILogConfiguration::operator* [0x00007FF7D7252EC1+213521]
BaseThreadInitThunk [0x00007FF80883257D+29]
RtlUserThreadStart [0x00007FF80A26AF28+40]

at java.base/jdk.internal.reflect.NativeConstructorAccessorImpl.newInstance0(Native Method)
at java.base/jdk.internal.reflect.NativeConstructorAccessorImpl.newInstance(NativeConstructorAccessorImpl.java:77)
at java.base/jdk.internal.reflect.DelegatingConstructorAccessorImpl.newInstance(DelegatingConstructorAccessorImpl.java:45)
at java.base/java.lang.reflect.Constructor.newInstanceWithCaller(Constructor.java:499)
at java.base/java.lang.reflect.Constructor.newInstance(Constructor.java:480)
at org.openqa.selenium.remote.W3CHandshakeResponse.lambda$errorHandler$0(W3CHandshakeResponse.java:62)
at org.openqa.selenium.remote.HandshakeResponse.lambda$getResponseFunction$0(HandshakeResponse.java:30)
at org.openqa.selenium.remote.ProtocolHandshake.lambda$createSession$0(ProtocolHandshake.java:126)
at java.base/java.util.stream.ReferencePipeline$3$1.accept(ReferencePipeline.java:197)
at java.base/java.util.Spliterators$ArraySpliterator.tryAdvance(Spliterators.java:1002)
at java.base/java.util.stream.ReferencePipeline.forEachWithCancel(ReferencePipeline.java:129)
at java.base/java.util.stream.AbstractPipeline.copyIntoWithCancel(AbstractPipeline.java:527)
at java.base/java.util.stream.AbstractPipeline.copyInto(AbstractPipeline.java:513)
at java.base/java.util.stream.AbstractPipeline.wrapAndCopyInto(AbstractPipeline.java:499)
at java.base/java.util.stream.FindOps$FindOp.evaluateSequential(FindOps.java:150)
at java.base/java.util.stream.AbstractPipeline.evaluate(AbstractPipeline.java:234)
at java.base/java.util.stream.ReferencePipeline.findFirst(ReferencePipeline.java:647)
at org.openqa.selenium.remote.ProtocolHandshake.createSession(ProtocolHandshake.java:128)
at org.openqa.selenium.remote.ProtocolHandshake.createSession(ProtocolHandshake.java:74)
at org.openqa.selenium.remote.HttpCommandExecutor.execute(HttpCommandExecutor.java:136)
at org.openqa.selenium.remote.service.DriverCommandExecutor.execute(DriverCommandExecutor.java:83)
at org.openqa.selenium.remote.RemoteWebDriver.execute(RemoteWebDriver.java:552)
at org.openqa.selenium.remote.RemoteWebDriver.startSession(RemoteWebDriver.java:213)
at org.openqa.selenium.remote.RemoteWebDriver.<init>(RemoteWebDriver.java:131)
at org.openqa.selenium.edge.EdgeDriver.<init>(EdgeDriver.java:141)
at org.openqa.selenium.edge.EdgeDriver.<init>(EdgeDriver.java:96)
at browserSelect.Base.openEdgeBrowser(Base.java:27)
at testNG.verifyAddToCartOptionOnApplication.openBrowser(verifyAddToCartOptionOnApplication.java:62)
at java.base/jdk.internal.reflect.NativeMethodAccessorImpl.invoke0(Native Method)
at java.base/jdk.internal.reflect.NativeMethodAccessorImpl.invoke(NativeMethodAccessorImpl.java:77)
at java.base/jdk.internal.reflect.DelegatingMethodAccessorImpl.invoke(DelegatingMethodAccessorImpl.java:43)
at java.base/java.lang.reflect.Method.invoke(Method.java:568)
at org.testng.internal.invokers.MethodInvocationHelper.invokeMethod(MethodInvocationHelper.java:139)
at org.testng.internal.invokers.MethodInvocationHelper.invokeMethodConsideringTimeout(MethodInvocationHelper.java:69)
at org.testng.internal.invokers.ConfigInvoker.invokeConfigurationMethod(ConfigInvoker.java:393)
at org.testng.internal.invokers.ConfigInvoker.invokeConfigurations(ConfigInvoker.java:326)
at org.testng.TestRunner.invokeTestConfigurations(TestRunner.java:661)
at org.testng.TestRunner.beforeRun(TestRunner.java:650)
at org.testng.TestRunner.run(TestRunner.java:612)
at org.testng.SuiteRunner.runTest(SuiteRunner.java:443)
at org.testng.SuiteRunner$SuiteWorker.run(SuiteRunner.java:481)
at org.testng.internal.thread.ThreadUtil.lambda$execute$0(ThreadUtil.java:58)
at java.base/java.util.concurrent.FutureTask.run(FutureTask.java:264)
at java.base/java.util.concurrent.ThreadPoolExecutor.runWorker(ThreadPoolExecutor.java:1136)
at java.base/java.util.concurrent.ThreadPoolExecutor$Worker.run(ThreadPoolExecutor.java:635)
at java.base/java.lang.Thread.run(Thread.java:833)
]]>
            </full-stacktrace>
          </exception> <!-- org.openqa.selenium.SessionNotCreatedException -->
          <reporter-output>
          </reporter-output>
        </test-method> <!-- verifyCategorySectionInPrimeVideo -->
        <test-method is-config="true" signature="closeApplication(org.testng.ITestResult)[pri:0, instance:testNG.verifyPrimeVideoTrailerPlayFuctionality@662ac478]" started-at="2024-06-27T20:41:19 IST" name="closeApplication" finished-at="2024-06-27T20:41:19 IST" duration-ms="0" status="SKIP">
          <reporter-output>
          </reporter-output>
        </test-method> <!-- closeApplication -->
        <test-method is-config="true" signature="clearObjects()[pri:0, instance:testNG.verifyPrimeVideoTrailerPlayFuctionality@662ac478]" started-at="2024-06-27T20:41:19 IST" name="clearObjects" finished-at="2024-06-27T20:41:19 IST" duration-ms="0" status="SKIP">
          <reporter-output>
          </reporter-output>
        </test-method> <!-- clearObjects -->
        <test-method is-config="true" signature="closeBrowser()[pri:0, instance:testNG.verifyPrimeVideoTrailerPlayFuctionality@662ac478]" started-at="2024-06-27T20:41:19 IST" name="closeBrowser" finished-at="2024-06-27T20:41:19 IST" duration-ms="0" status="SKIP">
          <reporter-output>
          </reporter-output>
        </test-method> <!-- closeBrowser -->
      </class> <!-- testNG.verifyPrimeVideoTrailerPlayFuctionality -->
      <class name="testNG.verifyCustomerServiceSection">
        <test-method is-config="true" signature="openBrowser(java.lang.String)[pri:0, instance:testNG.verifyCustomerServiceSection@31190526]" started-at="2024-06-27T20:41:19 IST" name="openBrowser" finished-at="2024-06-27T20:41:19 IST" duration-ms="0" status="SKIP">
          <reporter-output>
          </reporter-output>
        </test-method> <!-- openBrowser -->
        <test-method is-config="true" signature="createPOMObjects()[pri:0, instance:testNG.verifyCustomerServiceSection@31190526]" started-at="2024-06-27T20:41:19 IST" name="createPOMObjects" finished-at="2024-06-27T20:41:19 IST" duration-ms="0" status="SKIP">
          <reporter-output>
          </reporter-output>
        </test-method> <!-- createPOMObjects -->
        <test-method is-config="true" signature="openApplication()[pri:0, instance:testNG.verifyCustomerServiceSection@31190526]" started-at="2024-06-27T20:41:19 IST" name="openApplication" finished-at="2024-06-27T20:41:19 IST" duration-ms="0" status="SKIP">
          <reporter-output>
          </reporter-output>
        </test-method> <!-- openApplication -->
        <test-method signature="verifyMsgOnCustomerServicePage()[pri:1, instance:testNG.verifyCustomerServiceSection@31190526]" started-at="2024-06-27T20:41:19 IST" name="verifyMsgOnCustomerServicePage" finished-at="2024-06-27T20:41:19 IST" duration-ms="1" status="SKIP">
          <exception class="org.openqa.selenium.SessionNotCreatedException">
            <message>
              <![CDATA[session not created: This version of Microsoft Edge WebDriver only supports Microsoft Edge version 121
Current browser version is 126.0.2592.68 with binary path C:\Program Files (x86)\Microsoft\Edge\Application\msedge.exe
Build info: version: '3.141.59', revision: 'e82be7d358', time: '2018-11-14T08:17:03'
System info: host: 'DESKTOP-BHR3PSD', ip: '192.168.1.8', os.name: 'Windows 11', os.arch: 'amd64', os.version: '10.0', java.version: '17.0.5'
Driver info: driver.version: EdgeDriver
remote stacktrace: GetHandleVerifier [0x00007FF7D72CB892+60738]
Microsoft::Applications::Events::ILogConfiguration::operator* [0x00007FF7D7257B32+233090]
(No symbol) [0x00007FF7D706AE0B]
(No symbol) [0x00007FF7D70A97FC]
(No symbol) [0x00007FF7D70A8AFB]
(No symbol) [0x00007FF7D70A1B58]
(No symbol) [0x00007FF7D709DB18]
(No symbol) [0x00007FF7D70E7389]
(No symbol) [0x00007FF7D70DC233]
(No symbol) [0x00007FF7D70AD568]
(No symbol) [0x00007FF7D70AC394]
(No symbol) [0x00007FF7D70AD101]
Microsoft::Applications::Events::EventProperty::to_string [0x00007FF7D7487D2C+1072924]
(No symbol) [0x00007FF7D7130F45]
(No symbol) [0x00007FF7D71C8F6C]
(No symbol) [0x00007FF7D71C0A5D]
Microsoft::Applications::Events::EventProperty::to_string [0x00007FF7D7486773+1067363]
Microsoft::Applications::Events::ILogConfiguration::operator* [0x00007FF7D7261A88+273880]
Microsoft::Applications::Events::ILogConfiguration::operator* [0x00007FF7D725C794+252644]
Microsoft::Applications::Events::ILogConfiguration::operator* [0x00007FF7D725C8C2+252946]
Microsoft::Applications::Events::ILogConfiguration::operator* [0x00007FF7D7252EC1+213521]
BaseThreadInitThunk [0x00007FF80883257D+29]
RtlUserThreadStart [0x00007FF80A26AF28+40]
]]>
            </message>
            <full-stacktrace>
              <![CDATA[org.openqa.selenium.SessionNotCreatedException: session not created: This version of Microsoft Edge WebDriver only supports Microsoft Edge version 121
Current browser version is 126.0.2592.68 with binary path C:\Program Files (x86)\Microsoft\Edge\Application\msedge.exe
Build info: version: '3.141.59', revision: 'e82be7d358', time: '2018-11-14T08:17:03'
System info: host: 'DESKTOP-BHR3PSD', ip: '192.168.1.8', os.name: 'Windows 11', os.arch: 'amd64', os.version: '10.0', java.version: '17.0.5'
Driver info: driver.version: EdgeDriver
remote stacktrace: GetHandleVerifier [0x00007FF7D72CB892+60738]
Microsoft::Applications::Events::ILogConfiguration::operator* [0x00007FF7D7257B32+233090]
(No symbol) [0x00007FF7D706AE0B]
(No symbol) [0x00007FF7D70A97FC]
(No symbol) [0x00007FF7D70A8AFB]
(No symbol) [0x00007FF7D70A1B58]
(No symbol) [0x00007FF7D709DB18]
(No symbol) [0x00007FF7D70E7389]
(No symbol) [0x00007FF7D70DC233]
(No symbol) [0x00007FF7D70AD568]
(No symbol) [0x00007FF7D70AC394]
(No symbol) [0x00007FF7D70AD101]
Microsoft::Applications::Events::EventProperty::to_string [0x00007FF7D7487D2C+1072924]
(No symbol) [0x00007FF7D7130F45]
(No symbol) [0x00007FF7D71C8F6C]
(No symbol) [0x00007FF7D71C0A5D]
Microsoft::Applications::Events::EventProperty::to_string [0x00007FF7D7486773+1067363]
Microsoft::Applications::Events::ILogConfiguration::operator* [0x00007FF7D7261A88+273880]
Microsoft::Applications::Events::ILogConfiguration::operator* [0x00007FF7D725C794+252644]
Microsoft::Applications::Events::ILogConfiguration::operator* [0x00007FF7D725C8C2+252946]
Microsoft::Applications::Events::ILogConfiguration::operator* [0x00007FF7D7252EC1+213521]
BaseThreadInitThunk [0x00007FF80883257D+29]
RtlUserThreadStart [0x00007FF80A26AF28+40]

at java.base/jdk.internal.reflect.NativeConstructorAccessorImpl.newInstance0(Native Method)
at java.base/jdk.internal.reflect.NativeConstructorAccessorImpl.newInstance(NativeConstructorAccessorImpl.java:77)
at java.base/jdk.internal.reflect.DelegatingConstructorAccessorImpl.newInstance(DelegatingConstructorAccessorImpl.java:45)
at java.base/java.lang.reflect.Constructor.newInstanceWithCaller(Constructor.java:499)
at java.base/java.lang.reflect.Constructor.newInstance(Constructor.java:480)
at org.openqa.selenium.remote.W3CHandshakeResponse.lambda$errorHandler$0(W3CHandshakeResponse.java:62)
at org.openqa.selenium.remote.HandshakeResponse.lambda$getResponseFunction$0(HandshakeResponse.java:30)
at org.openqa.selenium.remote.ProtocolHandshake.lambda$createSession$0(ProtocolHandshake.java:126)
at java.base/java.util.stream.ReferencePipeline$3$1.accept(ReferencePipeline.java:197)
at java.base/java.util.Spliterators$ArraySpliterator.tryAdvance(Spliterators.java:1002)
at java.base/java.util.stream.ReferencePipeline.forEachWithCancel(ReferencePipeline.java:129)
at java.base/java.util.stream.AbstractPipeline.copyIntoWithCancel(AbstractPipeline.java:527)
at java.base/java.util.stream.AbstractPipeline.copyInto(AbstractPipeline.java:513)
at java.base/java.util.stream.AbstractPipeline.wrapAndCopyInto(AbstractPipeline.java:499)
at java.base/java.util.stream.FindOps$FindOp.evaluateSequential(FindOps.java:150)
at java.base/java.util.stream.AbstractPipeline.evaluate(AbstractPipeline.java:234)
at java.base/java.util.stream.ReferencePipeline.findFirst(ReferencePipeline.java:647)
at org.openqa.selenium.remote.ProtocolHandshake.createSession(ProtocolHandshake.java:128)
at org.openqa.selenium.remote.ProtocolHandshake.createSession(ProtocolHandshake.java:74)
at org.openqa.selenium.remote.HttpCommandExecutor.execute(HttpCommandExecutor.java:136)
at org.openqa.selenium.remote.service.DriverCommandExecutor.execute(DriverCommandExecutor.java:83)
at org.openqa.selenium.remote.RemoteWebDriver.execute(RemoteWebDriver.java:552)
at org.openqa.selenium.remote.RemoteWebDriver.startSession(RemoteWebDriver.java:213)
at org.openqa.selenium.remote.RemoteWebDriver.<init>(RemoteWebDriver.java:131)
at org.openqa.selenium.edge.EdgeDriver.<init>(EdgeDriver.java:141)
at org.openqa.selenium.edge.EdgeDriver.<init>(EdgeDriver.java:96)
at browserSelect.Base.openEdgeBrowser(Base.java:27)
at testNG.verifyAddToCartOptionOnApplication.openBrowser(verifyAddToCartOptionOnApplication.java:62)
at java.base/jdk.internal.reflect.NativeMethodAccessorImpl.invoke0(Native Method)
at java.base/jdk.internal.reflect.NativeMethodAccessorImpl.invoke(NativeMethodAccessorImpl.java:77)
at java.base/jdk.internal.reflect.DelegatingMethodAccessorImpl.invoke(DelegatingMethodAccessorImpl.java:43)
at java.base/java.lang.reflect.Method.invoke(Method.java:568)
at org.testng.internal.invokers.MethodInvocationHelper.invokeMethod(MethodInvocationHelper.java:139)
at org.testng.internal.invokers.MethodInvocationHelper.invokeMethodConsideringTimeout(MethodInvocationHelper.java:69)
at org.testng.internal.invokers.ConfigInvoker.invokeConfigurationMethod(ConfigInvoker.java:393)
at org.testng.internal.invokers.ConfigInvoker.invokeConfigurations(ConfigInvoker.java:326)
at org.testng.TestRunner.invokeTestConfigurations(TestRunner.java:661)
at org.testng.TestRunner.beforeRun(TestRunner.java:650)
at org.testng.TestRunner.run(TestRunner.java:612)
at org.testng.SuiteRunner.runTest(SuiteRunner.java:443)
at org.testng.SuiteRunner$SuiteWorker.run(SuiteRunner.java:481)
at org.testng.internal.thread.ThreadUtil.lambda$execute$0(ThreadUtil.java:58)
at java.base/java.util.concurrent.FutureTask.run(FutureTask.java:264)
at java.base/java.util.concurrent.ThreadPoolExecutor.runWorker(ThreadPoolExecutor.java:1136)
at java.base/java.util.concurrent.ThreadPoolExecutor$Worker.run(ThreadPoolExecutor.java:635)
at java.base/java.lang.Thread.run(Thread.java:833)
]]>
            </full-stacktrace>
          </exception> <!-- org.openqa.selenium.SessionNotCreatedException -->
          <reporter-output>
          </reporter-output>
        </test-method> <!-- verifyMsgOnCustomerServicePage -->
        <test-method is-config="true" signature="closeApplication(org.testng.ITestResult)[pri:0, instance:testNG.verifyCustomerServiceSection@31190526]" started-at="2024-06-27T20:41:19 IST" name="closeApplication" finished-at="2024-06-27T20:41:19 IST" duration-ms="0" status="SKIP">
          <reporter-output>
          </reporter-output>
        </test-method> <!-- closeApplication -->
        <test-method is-config="true" signature="openApplication()[pri:0, instance:testNG.verifyCustomerServiceSection@31190526]" started-at="2024-06-27T20:41:19 IST" name="openApplication" finished-at="2024-06-27T20:41:19 IST" duration-ms="0" status="SKIP">
          <reporter-output>
          </reporter-output>
        </test-method> <!-- openApplication -->
        <test-method signature="verifyFindMoreSolutionAndAskQuationfunction()[pri:2, instance:testNG.verifyCustomerServiceSection@31190526]" started-at="2024-06-27T20:41:19 IST" name="verifyFindMoreSolutionAndAskQuationfunction" finished-at="2024-06-27T20:41:19 IST" duration-ms="1" status="SKIP">
          <exception class="org.openqa.selenium.SessionNotCreatedException">
            <message>
              <![CDATA[session not created: This version of Microsoft Edge WebDriver only supports Microsoft Edge version 121
Current browser version is 126.0.2592.68 with binary path C:\Program Files (x86)\Microsoft\Edge\Application\msedge.exe
Build info: version: '3.141.59', revision: 'e82be7d358', time: '2018-11-14T08:17:03'
System info: host: 'DESKTOP-BHR3PSD', ip: '192.168.1.8', os.name: 'Windows 11', os.arch: 'amd64', os.version: '10.0', java.version: '17.0.5'
Driver info: driver.version: EdgeDriver
remote stacktrace: GetHandleVerifier [0x00007FF7D72CB892+60738]
Microsoft::Applications::Events::ILogConfiguration::operator* [0x00007FF7D7257B32+233090]
(No symbol) [0x00007FF7D706AE0B]
(No symbol) [0x00007FF7D70A97FC]
(No symbol) [0x00007FF7D70A8AFB]
(No symbol) [0x00007FF7D70A1B58]
(No symbol) [0x00007FF7D709DB18]
(No symbol) [0x00007FF7D70E7389]
(No symbol) [0x00007FF7D70DC233]
(No symbol) [0x00007FF7D70AD568]
(No symbol) [0x00007FF7D70AC394]
(No symbol) [0x00007FF7D70AD101]
Microsoft::Applications::Events::EventProperty::to_string [0x00007FF7D7487D2C+1072924]
(No symbol) [0x00007FF7D7130F45]
(No symbol) [0x00007FF7D71C8F6C]
(No symbol) [0x00007FF7D71C0A5D]
Microsoft::Applications::Events::EventProperty::to_string [0x00007FF7D7486773+1067363]
Microsoft::Applications::Events::ILogConfiguration::operator* [0x00007FF7D7261A88+273880]
Microsoft::Applications::Events::ILogConfiguration::operator* [0x00007FF7D725C794+252644]
Microsoft::Applications::Events::ILogConfiguration::operator* [0x00007FF7D725C8C2+252946]
Microsoft::Applications::Events::ILogConfiguration::operator* [0x00007FF7D7252EC1+213521]
BaseThreadInitThunk [0x00007FF80883257D+29]
RtlUserThreadStart [0x00007FF80A26AF28+40]
]]>
            </message>
            <full-stacktrace>
              <![CDATA[org.openqa.selenium.SessionNotCreatedException: session not created: This version of Microsoft Edge WebDriver only supports Microsoft Edge version 121
Current browser version is 126.0.2592.68 with binary path C:\Program Files (x86)\Microsoft\Edge\Application\msedge.exe
Build info: version: '3.141.59', revision: 'e82be7d358', time: '2018-11-14T08:17:03'
System info: host: 'DESKTOP-BHR3PSD', ip: '192.168.1.8', os.name: 'Windows 11', os.arch: 'amd64', os.version: '10.0', java.version: '17.0.5'
Driver info: driver.version: EdgeDriver
remote stacktrace: GetHandleVerifier [0x00007FF7D72CB892+60738]
Microsoft::Applications::Events::ILogConfiguration::operator* [0x00007FF7D7257B32+233090]
(No symbol) [0x00007FF7D706AE0B]
(No symbol) [0x00007FF7D70A97FC]
(No symbol) [0x00007FF7D70A8AFB]
(No symbol) [0x00007FF7D70A1B58]
(No symbol) [0x00007FF7D709DB18]
(No symbol) [0x00007FF7D70E7389]
(No symbol) [0x00007FF7D70DC233]
(No symbol) [0x00007FF7D70AD568]
(No symbol) [0x00007FF7D70AC394]
(No symbol) [0x00007FF7D70AD101]
Microsoft::Applications::Events::EventProperty::to_string [0x00007FF7D7487D2C+1072924]
(No symbol) [0x00007FF7D7130F45]
(No symbol) [0x00007FF7D71C8F6C]
(No symbol) [0x00007FF7D71C0A5D]
Microsoft::Applications::Events::EventProperty::to_string [0x00007FF7D7486773+1067363]
Microsoft::Applications::Events::ILogConfiguration::operator* [0x00007FF7D7261A88+273880]
Microsoft::Applications::Events::ILogConfiguration::operator* [0x00007FF7D725C794+252644]
Microsoft::Applications::Events::ILogConfiguration::operator* [0x00007FF7D725C8C2+252946]
Microsoft::Applications::Events::ILogConfiguration::operator* [0x00007FF7D7252EC1+213521]
BaseThreadInitThunk [0x00007FF80883257D+29]
RtlUserThreadStart [0x00007FF80A26AF28+40]

at java.base/jdk.internal.reflect.NativeConstructorAccessorImpl.newInstance0(Native Method)
at java.base/jdk.internal.reflect.NativeConstructorAccessorImpl.newInstance(NativeConstructorAccessorImpl.java:77)
at java.base/jdk.internal.reflect.DelegatingConstructorAccessorImpl.newInstance(DelegatingConstructorAccessorImpl.java:45)
at java.base/java.lang.reflect.Constructor.newInstanceWithCaller(Constructor.java:499)
at java.base/java.lang.reflect.Constructor.newInstance(Constructor.java:480)
at org.openqa.selenium.remote.W3CHandshakeResponse.lambda$errorHandler$0(W3CHandshakeResponse.java:62)
at org.openqa.selenium.remote.HandshakeResponse.lambda$getResponseFunction$0(HandshakeResponse.java:30)
at org.openqa.selenium.remote.ProtocolHandshake.lambda$createSession$0(ProtocolHandshake.java:126)
at java.base/java.util.stream.ReferencePipeline$3$1.accept(ReferencePipeline.java:197)
at java.base/java.util.Spliterators$ArraySpliterator.tryAdvance(Spliterators.java:1002)
at java.base/java.util.stream.ReferencePipeline.forEachWithCancel(ReferencePipeline.java:129)
at java.base/java.util.stream.AbstractPipeline.copyIntoWithCancel(AbstractPipeline.java:527)
at java.base/java.util.stream.AbstractPipeline.copyInto(AbstractPipeline.java:513)
at java.base/java.util.stream.AbstractPipeline.wrapAndCopyInto(AbstractPipeline.java:499)
at java.base/java.util.stream.FindOps$FindOp.evaluateSequential(FindOps.java:150)
at java.base/java.util.stream.AbstractPipeline.evaluate(AbstractPipeline.java:234)
at java.base/java.util.stream.ReferencePipeline.findFirst(ReferencePipeline.java:647)
at org.openqa.selenium.remote.ProtocolHandshake.createSession(ProtocolHandshake.java:128)
at org.openqa.selenium.remote.ProtocolHandshake.createSession(ProtocolHandshake.java:74)
at org.openqa.selenium.remote.HttpCommandExecutor.execute(HttpCommandExecutor.java:136)
at org.openqa.selenium.remote.service.DriverCommandExecutor.execute(DriverCommandExecutor.java:83)
at org.openqa.selenium.remote.RemoteWebDriver.execute(RemoteWebDriver.java:552)
at org.openqa.selenium.remote.RemoteWebDriver.startSession(RemoteWebDriver.java:213)
at org.openqa.selenium.remote.RemoteWebDriver.<init>(RemoteWebDriver.java:131)
at org.openqa.selenium.edge.EdgeDriver.<init>(EdgeDriver.java:141)
at org.openqa.selenium.edge.EdgeDriver.<init>(EdgeDriver.java:96)
at browserSelect.Base.openEdgeBrowser(Base.java:27)
at testNG.verifyAddToCartOptionOnApplication.openBrowser(verifyAddToCartOptionOnApplication.java:62)
at java.base/jdk.internal.reflect.NativeMethodAccessorImpl.invoke0(Native Method)
at java.base/jdk.internal.reflect.NativeMethodAccessorImpl.invoke(NativeMethodAccessorImpl.java:77)
at java.base/jdk.internal.reflect.DelegatingMethodAccessorImpl.invoke(DelegatingMethodAccessorImpl.java:43)
at java.base/java.lang.reflect.Method.invoke(Method.java:568)
at org.testng.internal.invokers.MethodInvocationHelper.invokeMethod(MethodInvocationHelper.java:139)
at org.testng.internal.invokers.MethodInvocationHelper.invokeMethodConsideringTimeout(MethodInvocationHelper.java:69)
at org.testng.internal.invokers.ConfigInvoker.invokeConfigurationMethod(ConfigInvoker.java:393)
at org.testng.internal.invokers.ConfigInvoker.invokeConfigurations(ConfigInvoker.java:326)
at org.testng.TestRunner.invokeTestConfigurations(TestRunner.java:661)
at org.testng.TestRunner.beforeRun(TestRunner.java:650)
at org.testng.TestRunner.run(TestRunner.java:612)
at org.testng.SuiteRunner.runTest(SuiteRunner.java:443)
at org.testng.SuiteRunner$SuiteWorker.run(SuiteRunner.java:481)
at org.testng.internal.thread.ThreadUtil.lambda$execute$0(ThreadUtil.java:58)
at java.base/java.util.concurrent.FutureTask.run(FutureTask.java:264)
at java.base/java.util.concurrent.ThreadPoolExecutor.runWorker(ThreadPoolExecutor.java:1136)
at java.base/java.util.concurrent.ThreadPoolExecutor$Worker.run(ThreadPoolExecutor.java:635)
at java.base/java.lang.Thread.run(Thread.java:833)
]]>
            </full-stacktrace>
          </exception> <!-- org.openqa.selenium.SessionNotCreatedException -->
          <reporter-output>
          </reporter-output>
        </test-method> <!-- verifyFindMoreSolutionAndAskQuationfunction -->
        <test-method is-config="true" signature="closeApplication(org.testng.ITestResult)[pri:0, instance:testNG.verifyCustomerServiceSection@31190526]" started-at="2024-06-27T20:41:19 IST" name="closeApplication" finished-at="2024-06-27T20:41:19 IST" duration-ms="0" status="SKIP">
          <reporter-output>
          </reporter-output>
        </test-method> <!-- closeApplication -->
        <test-method is-config="true" signature="openApplication()[pri:0, instance:testNG.verifyCustomerServiceSection@31190526]" started-at="2024-06-27T20:41:19 IST" name="openApplication" finished-at="2024-06-27T20:41:19 IST" duration-ms="0" status="SKIP">
          <reporter-output>
          </reporter-output>
        </test-method> <!-- openApplication -->
        <test-method signature="verifyLaguageSelectionMarathi()[pri:3, instance:testNG.verifyCustomerServiceSection@31190526]" started-at="2024-06-27T20:41:19 IST" name="verifyLaguageSelectionMarathi" finished-at="2024-06-27T20:41:19 IST" duration-ms="0" status="SKIP">
          <exception class="org.openqa.selenium.SessionNotCreatedException">
            <message>
              <![CDATA[session not created: This version of Microsoft Edge WebDriver only supports Microsoft Edge version 121
Current browser version is 126.0.2592.68 with binary path C:\Program Files (x86)\Microsoft\Edge\Application\msedge.exe
Build info: version: '3.141.59', revision: 'e82be7d358', time: '2018-11-14T08:17:03'
System info: host: 'DESKTOP-BHR3PSD', ip: '192.168.1.8', os.name: 'Windows 11', os.arch: 'amd64', os.version: '10.0', java.version: '17.0.5'
Driver info: driver.version: EdgeDriver
remote stacktrace: GetHandleVerifier [0x00007FF7D72CB892+60738]
Microsoft::Applications::Events::ILogConfiguration::operator* [0x00007FF7D7257B32+233090]
(No symbol) [0x00007FF7D706AE0B]
(No symbol) [0x00007FF7D70A97FC]
(No symbol) [0x00007FF7D70A8AFB]
(No symbol) [0x00007FF7D70A1B58]
(No symbol) [0x00007FF7D709DB18]
(No symbol) [0x00007FF7D70E7389]
(No symbol) [0x00007FF7D70DC233]
(No symbol) [0x00007FF7D70AD568]
(No symbol) [0x00007FF7D70AC394]
(No symbol) [0x00007FF7D70AD101]
Microsoft::Applications::Events::EventProperty::to_string [0x00007FF7D7487D2C+1072924]
(No symbol) [0x00007FF7D7130F45]
(No symbol) [0x00007FF7D71C8F6C]
(No symbol) [0x00007FF7D71C0A5D]
Microsoft::Applications::Events::EventProperty::to_string [0x00007FF7D7486773+1067363]
Microsoft::Applications::Events::ILogConfiguration::operator* [0x00007FF7D7261A88+273880]
Microsoft::Applications::Events::ILogConfiguration::operator* [0x00007FF7D725C794+252644]
Microsoft::Applications::Events::ILogConfiguration::operator* [0x00007FF7D725C8C2+252946]
Microsoft::Applications::Events::ILogConfiguration::operator* [0x00007FF7D7252EC1+213521]
BaseThreadInitThunk [0x00007FF80883257D+29]
RtlUserThreadStart [0x00007FF80A26AF28+40]
]]>
            </message>
            <full-stacktrace>
              <![CDATA[org.openqa.selenium.SessionNotCreatedException: session not created: This version of Microsoft Edge WebDriver only supports Microsoft Edge version 121
Current browser version is 126.0.2592.68 with binary path C:\Program Files (x86)\Microsoft\Edge\Application\msedge.exe
Build info: version: '3.141.59', revision: 'e82be7d358', time: '2018-11-14T08:17:03'
System info: host: 'DESKTOP-BHR3PSD', ip: '192.168.1.8', os.name: 'Windows 11', os.arch: 'amd64', os.version: '10.0', java.version: '17.0.5'
Driver info: driver.version: EdgeDriver
remote stacktrace: GetHandleVerifier [0x00007FF7D72CB892+60738]
Microsoft::Applications::Events::ILogConfiguration::operator* [0x00007FF7D7257B32+233090]
(No symbol) [0x00007FF7D706AE0B]
(No symbol) [0x00007FF7D70A97FC]
(No symbol) [0x00007FF7D70A8AFB]
(No symbol) [0x00007FF7D70A1B58]
(No symbol) [0x00007FF7D709DB18]
(No symbol) [0x00007FF7D70E7389]
(No symbol) [0x00007FF7D70DC233]
(No symbol) [0x00007FF7D70AD568]
(No symbol) [0x00007FF7D70AC394]
(No symbol) [0x00007FF7D70AD101]
Microsoft::Applications::Events::EventProperty::to_string [0x00007FF7D7487D2C+1072924]
(No symbol) [0x00007FF7D7130F45]
(No symbol) [0x00007FF7D71C8F6C]
(No symbol) [0x00007FF7D71C0A5D]
Microsoft::Applications::Events::EventProperty::to_string [0x00007FF7D7486773+1067363]
Microsoft::Applications::Events::ILogConfiguration::operator* [0x00007FF7D7261A88+273880]
Microsoft::Applications::Events::ILogConfiguration::operator* [0x00007FF7D725C794+252644]
Microsoft::Applications::Events::ILogConfiguration::operator* [0x00007FF7D725C8C2+252946]
Microsoft::Applications::Events::ILogConfiguration::operator* [0x00007FF7D7252EC1+213521]
BaseThreadInitThunk [0x00007FF80883257D+29]
RtlUserThreadStart [0x00007FF80A26AF28+40]

at java.base/jdk.internal.reflect.NativeConstructorAccessorImpl.newInstance0(Native Method)
at java.base/jdk.internal.reflect.NativeConstructorAccessorImpl.newInstance(NativeConstructorAccessorImpl.java:77)
at java.base/jdk.internal.reflect.DelegatingConstructorAccessorImpl.newInstance(DelegatingConstructorAccessorImpl.java:45)
at java.base/java.lang.reflect.Constructor.newInstanceWithCaller(Constructor.java:499)
at java.base/java.lang.reflect.Constructor.newInstance(Constructor.java:480)
at org.openqa.selenium.remote.W3CHandshakeResponse.lambda$errorHandler$0(W3CHandshakeResponse.java:62)
at org.openqa.selenium.remote.HandshakeResponse.lambda$getResponseFunction$0(HandshakeResponse.java:30)
at org.openqa.selenium.remote.ProtocolHandshake.lambda$createSession$0(ProtocolHandshake.java:126)
at java.base/java.util.stream.ReferencePipeline$3$1.accept(ReferencePipeline.java:197)
at java.base/java.util.Spliterators$ArraySpliterator.tryAdvance(Spliterators.java:1002)
at java.base/java.util.stream.ReferencePipeline.forEachWithCancel(ReferencePipeline.java:129)
at java.base/java.util.stream.AbstractPipeline.copyIntoWithCancel(AbstractPipeline.java:527)
at java.base/java.util.stream.AbstractPipeline.copyInto(AbstractPipeline.java:513)
at java.base/java.util.stream.AbstractPipeline.wrapAndCopyInto(AbstractPipeline.java:499)
at java.base/java.util.stream.FindOps$FindOp.evaluateSequential(FindOps.java:150)
at java.base/java.util.stream.AbstractPipeline.evaluate(AbstractPipeline.java:234)
at java.base/java.util.stream.ReferencePipeline.findFirst(ReferencePipeline.java:647)
at org.openqa.selenium.remote.ProtocolHandshake.createSession(ProtocolHandshake.java:128)
at org.openqa.selenium.remote.ProtocolHandshake.createSession(ProtocolHandshake.java:74)
at org.openqa.selenium.remote.HttpCommandExecutor.execute(HttpCommandExecutor.java:136)
at org.openqa.selenium.remote.service.DriverCommandExecutor.execute(DriverCommandExecutor.java:83)
at org.openqa.selenium.remote.RemoteWebDriver.execute(RemoteWebDriver.java:552)
at org.openqa.selenium.remote.RemoteWebDriver.startSession(RemoteWebDriver.java:213)
at org.openqa.selenium.remote.RemoteWebDriver.<init>(RemoteWebDriver.java:131)
at org.openqa.selenium.edge.EdgeDriver.<init>(EdgeDriver.java:141)
at org.openqa.selenium.edge.EdgeDriver.<init>(EdgeDriver.java:96)
at browserSelect.Base.openEdgeBrowser(Base.java:27)
at testNG.verifyAddToCartOptionOnApplication.openBrowser(verifyAddToCartOptionOnApplication.java:62)
at java.base/jdk.internal.reflect.NativeMethodAccessorImpl.invoke0(Native Method)
at java.base/jdk.internal.reflect.NativeMethodAccessorImpl.invoke(NativeMethodAccessorImpl.java:77)
at java.base/jdk.internal.reflect.DelegatingMethodAccessorImpl.invoke(DelegatingMethodAccessorImpl.java:43)
at java.base/java.lang.reflect.Method.invoke(Method.java:568)
at org.testng.internal.invokers.MethodInvocationHelper.invokeMethod(MethodInvocationHelper.java:139)
at org.testng.internal.invokers.MethodInvocationHelper.invokeMethodConsideringTimeout(MethodInvocationHelper.java:69)
at org.testng.internal.invokers.ConfigInvoker.invokeConfigurationMethod(ConfigInvoker.java:393)
at org.testng.internal.invokers.ConfigInvoker.invokeConfigurations(ConfigInvoker.java:326)
at org.testng.TestRunner.invokeTestConfigurations(TestRunner.java:661)
at org.testng.TestRunner.beforeRun(TestRunner.java:650)
at org.testng.TestRunner.run(TestRunner.java:612)
at org.testng.SuiteRunner.runTest(SuiteRunner.java:443)
at org.testng.SuiteRunner$SuiteWorker.run(SuiteRunner.java:481)
at org.testng.internal.thread.ThreadUtil.lambda$execute$0(ThreadUtil.java:58)
at java.base/java.util.concurrent.FutureTask.run(FutureTask.java:264)
at java.base/java.util.concurrent.ThreadPoolExecutor.runWorker(ThreadPoolExecutor.java:1136)
at java.base/java.util.concurrent.ThreadPoolExecutor$Worker.run(ThreadPoolExecutor.java:635)
at java.base/java.lang.Thread.run(Thread.java:833)
]]>
            </full-stacktrace>
          </exception> <!-- org.openqa.selenium.SessionNotCreatedException -->
          <reporter-output>
          </reporter-output>
        </test-method> <!-- verifyLaguageSelectionMarathi -->
        <test-method is-config="true" signature="closeApplication(org.testng.ITestResult)[pri:0, instance:testNG.verifyCustomerServiceSection@31190526]" started-at="2024-06-27T20:41:19 IST" name="closeApplication" finished-at="2024-06-27T20:41:19 IST" duration-ms="0" status="SKIP">
          <reporter-output>
          </reporter-output>
        </test-method> <!-- closeApplication -->
        <test-method is-config="true" signature="clearObjects()[pri:0, instance:testNG.verifyCustomerServiceSection@31190526]" started-at="2024-06-27T20:41:19 IST" name="clearObjects" finished-at="2024-06-27T20:41:19 IST" duration-ms="0" status="SKIP">
          <reporter-output>
          </reporter-output>
        </test-method> <!-- clearObjects -->
        <test-method is-config="true" signature="closeBrowser()[pri:0, instance:testNG.verifyCustomerServiceSection@31190526]" started-at="2024-06-27T20:41:19 IST" name="closeBrowser" finished-at="2024-06-27T20:41:19 IST" duration-ms="0" status="SKIP">
          <reporter-output>
          </reporter-output>
        </test-method> <!-- closeBrowser -->
      </class> <!-- testNG.verifyCustomerServiceSection -->
      <class name="testNG.verifyNewLaunchSectionWithLaptop">
        <test-method is-config="true" signature="openBrowser(java.lang.String)[pri:0, instance:testNG.verifyNewLaunchSectionWithLaptop@229f66ed]" started-at="2024-06-27T20:41:19 IST" name="openBrowser" finished-at="2024-06-27T20:41:19 IST" duration-ms="0" status="SKIP">
          <reporter-output>
          </reporter-output>
        </test-method> <!-- openBrowser -->
        <test-method is-config="true" signature="createPOMObjects()[pri:0, instance:testNG.verifyNewLaunchSectionWithLaptop@229f66ed]" started-at="2024-06-27T20:41:19 IST" name="createPOMObjects" finished-at="2024-06-27T20:41:19 IST" duration-ms="0" status="SKIP">
          <reporter-output>
          </reporter-output>
        </test-method> <!-- createPOMObjects -->
        <test-method is-config="true" signature="openApplication()[pri:0, instance:testNG.verifyNewLaunchSectionWithLaptop@229f66ed]" started-at="2024-06-27T20:41:19 IST" name="openApplication" finished-at="2024-06-27T20:41:19 IST" duration-ms="0" status="SKIP">
          <reporter-output>
          </reporter-output>
        </test-method> <!-- openApplication -->
        <test-method signature="verifyAddBothTocartFuctionality()[pri:1, instance:testNG.verifyNewLaunchSectionWithLaptop@229f66ed]" started-at="2024-06-27T20:41:19 IST" name="verifyAddBothTocartFuctionality" finished-at="2024-06-27T20:41:19 IST" duration-ms="0" status="SKIP">
          <exception class="org.openqa.selenium.SessionNotCreatedException">
            <message>
              <![CDATA[session not created: This version of Microsoft Edge WebDriver only supports Microsoft Edge version 121
Current browser version is 126.0.2592.68 with binary path C:\Program Files (x86)\Microsoft\Edge\Application\msedge.exe
Build info: version: '3.141.59', revision: 'e82be7d358', time: '2018-11-14T08:17:03'
System info: host: 'DESKTOP-BHR3PSD', ip: '192.168.1.8', os.name: 'Windows 11', os.arch: 'amd64', os.version: '10.0', java.version: '17.0.5'
Driver info: driver.version: EdgeDriver
remote stacktrace: GetHandleVerifier [0x00007FF7D72CB892+60738]
Microsoft::Applications::Events::ILogConfiguration::operator* [0x00007FF7D7257B32+233090]
(No symbol) [0x00007FF7D706AE0B]
(No symbol) [0x00007FF7D70A97FC]
(No symbol) [0x00007FF7D70A8AFB]
(No symbol) [0x00007FF7D70A1B58]
(No symbol) [0x00007FF7D709DB18]
(No symbol) [0x00007FF7D70E7389]
(No symbol) [0x00007FF7D70DC233]
(No symbol) [0x00007FF7D70AD568]
(No symbol) [0x00007FF7D70AC394]
(No symbol) [0x00007FF7D70AD101]
Microsoft::Applications::Events::EventProperty::to_string [0x00007FF7D7487D2C+1072924]
(No symbol) [0x00007FF7D7130F45]
(No symbol) [0x00007FF7D71C8F6C]
(No symbol) [0x00007FF7D71C0A5D]
Microsoft::Applications::Events::EventProperty::to_string [0x00007FF7D7486773+1067363]
Microsoft::Applications::Events::ILogConfiguration::operator* [0x00007FF7D7261A88+273880]
Microsoft::Applications::Events::ILogConfiguration::operator* [0x00007FF7D725C794+252644]
Microsoft::Applications::Events::ILogConfiguration::operator* [0x00007FF7D725C8C2+252946]
Microsoft::Applications::Events::ILogConfiguration::operator* [0x00007FF7D7252EC1+213521]
BaseThreadInitThunk [0x00007FF80883257D+29]
RtlUserThreadStart [0x00007FF80A26AF28+40]
]]>
            </message>
            <full-stacktrace>
              <![CDATA[org.openqa.selenium.SessionNotCreatedException: session not created: This version of Microsoft Edge WebDriver only supports Microsoft Edge version 121
Current browser version is 126.0.2592.68 with binary path C:\Program Files (x86)\Microsoft\Edge\Application\msedge.exe
Build info: version: '3.141.59', revision: 'e82be7d358', time: '2018-11-14T08:17:03'
System info: host: 'DESKTOP-BHR3PSD', ip: '192.168.1.8', os.name: 'Windows 11', os.arch: 'amd64', os.version: '10.0', java.version: '17.0.5'
Driver info: driver.version: EdgeDriver
remote stacktrace: GetHandleVerifier [0x00007FF7D72CB892+60738]
Microsoft::Applications::Events::ILogConfiguration::operator* [0x00007FF7D7257B32+233090]
(No symbol) [0x00007FF7D706AE0B]
(No symbol) [0x00007FF7D70A97FC]
(No symbol) [0x00007FF7D70A8AFB]
(No symbol) [0x00007FF7D70A1B58]
(No symbol) [0x00007FF7D709DB18]
(No symbol) [0x00007FF7D70E7389]
(No symbol) [0x00007FF7D70DC233]
(No symbol) [0x00007FF7D70AD568]
(No symbol) [0x00007FF7D70AC394]
(No symbol) [0x00007FF7D70AD101]
Microsoft::Applications::Events::EventProperty::to_string [0x00007FF7D7487D2C+1072924]
(No symbol) [0x00007FF7D7130F45]
(No symbol) [0x00007FF7D71C8F6C]
(No symbol) [0x00007FF7D71C0A5D]
Microsoft::Applications::Events::EventProperty::to_string [0x00007FF7D7486773+1067363]
Microsoft::Applications::Events::ILogConfiguration::operator* [0x00007FF7D7261A88+273880]
Microsoft::Applications::Events::ILogConfiguration::operator* [0x00007FF7D725C794+252644]
Microsoft::Applications::Events::ILogConfiguration::operator* [0x00007FF7D725C8C2+252946]
Microsoft::Applications::Events::ILogConfiguration::operator* [0x00007FF7D7252EC1+213521]
BaseThreadInitThunk [0x00007FF80883257D+29]
RtlUserThreadStart [0x00007FF80A26AF28+40]

[...]
at org.openqa.selenium.remote.HttpCommandExecutor.execute(HttpCommandExecutor.java:158)
at org.openqa.selenium.remote.service.DriverCommandExecutor.execute(DriverCommandExecutor.java:83)
at org.openqa.selenium.remote.RemoteWebDriver.execute(RemoteWebDriver.java:552)
at org.openqa.selenium.remote.RemoteWebElement.execute(RemoteWebElement.java:285)
at org.openqa.selenium.remote.RemoteWebElement.click(RemoteWebElement.java:84)
at java.base/jdk.internal.reflect.NativeMethodAccessorImpl.invoke0(Native Method)
at java.base/jdk.internal.reflect.NativeMethodAccessorImpl.invoke(NativeMethodAccessorImpl.java:77)
at java.base/jdk.internal.reflect.DelegatingMethodAccessorImpl.invoke(DelegatingMethodAccessorImpl.java:43)
at java.base/java.lang.reflect.Method.invoke(Method.java:568)
at org.openqa.selenium.support.pagefactory.internal.LocatingElementHandler.invoke(LocatingElementHandler.java:51)
at jdk.proxy2/jdk.proxy2.$Proxy17.click(Unknown Source)
at Pages.NewLaunchesMobAndEle.clickOnMicrosoft(NewLaunchesMobAndEle.java:76)
at testNG.verifyNewLaunchSectionWithLaptop.openApplication(verifyNewLaunchSectionWithLaptop.java:89)
at java.base/jdk.internal.reflect.NativeMethodAccessorImpl.invoke0(Native Method)
at java.base/jdk.internal.reflect.NativeMethodAccessorImpl.invoke(NativeMethodAccessorImpl.java:77)
at java.base/jdk.internal.reflect.DelegatingMethodAccessorImpl.invoke(DelegatingMethodAccessorImpl.java:43)
at java.base/java.lang.reflect.Method.invoke(Method.java:568)
at org.testng.internal.invokers.MethodInvocationHelper.invokeMethod(MethodInvocationHelper.java:139)
at org.testng.internal.invokers.MethodInvocationHelper.invokeMethodConsideringTimeout(MethodInvocationHelper.java:69)
at org.testng.internal.invokers.ConfigInvoker.invokeConfigurationMethod(ConfigInvoker.java:393)
at org.testng.internal.invokers.ConfigInvoker.invokeConfigurations(ConfigInvoker.java:326)
at org.testng.internal.invokers.TestInvoker.runConfigMethods(TestInvoker.java:810)
at org.testng.internal.invokers.TestInvoker.invokeMethod(TestInvoker.java:578)
at org.testng.internal.invokers.TestInvoker.invokeTestMethod(TestInvoker.java:228)
at org.testng.internal.invokers.MethodRunner.runInSequence(MethodRunner.java:63)
at org.testng.internal.invokers.TestInvoker$MethodInvocationAgent.invoke(TestInvoker.java:961)
at org.testng.internal.invokers.TestInvoker.invokeTestMethods(TestInvoker.java:201)
at org.testng.internal.invokers.TestMethodWorker.invokeTestMethods(TestMethodWorker.java:148)
at org.testng.internal.invokers.TestMethodWorker.run(TestMethodWorker.java:128)
at java.base/java.util.concurrent.Executors$RunnableAdapter.call(Executors.java:539)
at java.base/java.util.concurrent.FutureTask.run(FutureTask.java:264)
at org.testng.internal.thread.graph.TestNGFutureTask.run(TestNGFutureTask.java:22)
at java.base/java.util.concurrent.ThreadPoolExecutor.runWorker(ThreadPoolExecutor.java:1136)
at java.base/java.util.concurrent.ThreadPoolExecutor$Worker.run(ThreadPoolExecutor.java:635)
at java.base/java.lang.Thread.run(Thread.java:833)
]]>
            </full-stacktrace>
          </exception> <!-- org.openqa.selenium.ElementClickInterceptedException -->
          <reporter-output>
          </reporter-output>
        </test-method> <!-- openApplication -->
        <test-method signature="verifyAddBothTocartFuctionality()[pri:1, instance:testNG.verifyNewLaunchSectionWithLaptop@477b4cdf]" started-at="2024-06-27T20:42:15 IST" name="verifyAddBothTocartFuctionality" finished-at="2024-06-27T20:42:15 IST" duration-ms="0" status="SKIP">
          <exception class="org.openqa.selenium.ElementClickInterceptedException">
            <message>
              <![CDATA[Element <a class="a-link-normal s-navigation-item" href="/s?i=computers&bbn=1375424031&rh=n%3A1375424031%2Cp_36%3A7252032031%2Cp_123%3A46655&dc&qid=1719501130&rnid=91049095031&ref=sr_nr_p_123_7&ds=v1%3Al3UHJgwioViX3sXA52TOiigLNmQC9hk1W6I6Fkn%2Ft9U"> is not clickable at point (70,59) because another element <div id="nav-logo"> obscures it
Build info: version: '3.141.59', revision: 'e82be7d358', time: '2018-11-14T08:17:03'
System info: host: 'DESKTOP-BHR3PSD', ip: '192.168.1.8', os.name: 'Windows 11', os.arch: 'amd64', os.version: '10.0', java.version: '17.0.5'
Driver info: org.openqa.selenium.firefox.FirefoxDriver
Capabilities {acceptInsecureCerts: true, browserName: firefox, browserVersion: 127.0, javascriptEnabled: true, moz:accessibilityChecks: false, moz:buildID: 20240606181944, moz:geckodriverVersion: 0.34.0, moz:headless: false, moz:platformVersion: 10.0, moz:processID: 20604, moz:profile: C:\Users\amol\AppData\Local..., moz:shutdownTimeout: 60000, moz:webdriverClick: true, moz:windowless: false, pageLoadStrategy: normal, platform: WINDOWS, platformName: WINDOWS, proxy: Proxy(), setWindowRect: true, strictFileInteractability: false, timeouts: {implicit: 0, pageLoad: 300000, script: 30000}, unhandledPromptBehavior: dismiss and notify, userAgent: Mozilla/5.0 (Windows NT 10....}
Session ID: 6140d9a7-a173-4f1b-b092-3edf3a96f4d5]]>
            </message>
            <full-stacktrace>
              <![CDATA[org.openqa.selenium.ElementClickInterceptedException: Element <a class="a-link-normal s-navigation-item" href="/s?i=computers&bbn=1375424031&rh=n%3A1375424031%2Cp_36%3A7252032031%2Cp_123%3A46655&dc&qid=1719501130&rnid=91049095031&ref=sr_nr_p_123_7&ds=v1%3Al3UHJgwioViX3sXA52TOiigLNmQC9hk1W6I6Fkn%2Ft9U"> is not clickable at point (70,59) because another element <div id="nav-logo"> obscures it
Build info: version: '3.141.59', revision: 'e82be7d358', time: '2018-11-14T08:17:03'
System info: host: 'DESKTOP-BHR3PSD', ip: '192.168.1.8', os.name: 'Windows 11', os.arch: 'amd64', os.version: '10.0', java.version: '17.0.5'
Driver info: org.openqa.selenium.firefox.FirefoxDriver
Capabilities {acceptInsecureCerts: true, browserName: firefox, browserVersion: 127.0, javascriptEnabled: true, moz:accessibilityChecks: false, moz:buildID: 20240606181944, moz:geckodriverVersion: 0.34.0, moz:headless: false, moz:platformVersion: 10.0, moz:processID: 20604, moz:profile: C:\Users\amol\AppData\Local..., moz:shutdownTimeout: 60000, moz:webdriverClick: true, moz:windowless: false, pageLoadStrategy: normal, platform: WINDOWS, platformName: WINDOWS, proxy: Proxy(), setWindowRect: true, strictFileInteractability: false, timeouts: {implicit: 0, pageLoad: 300000, script: 30000}, unhandledPromptBehavior: dismiss and notify, userAgent: Mozilla/5.0 (Windows NT 10....}
Session ID: 6140d9a7-a173-4f1b-b092-3edf3a96f4d5
at java.base/jdk.internal.reflect.NativeConstructorAccessorImpl.newInstance0(Native Method)
at java.base/jdk.internal.reflect.NativeConstructorAccessorImpl.newInstance(NativeConstructorAccessorImpl.java:77)
at java.base/jdk.internal.reflect.DelegatingConstructorAccessorImpl.newInstance(DelegatingConstructorAccessorImpl.java:45)
at java.base/java.lang.reflect.Constructor.newInstanceWithCaller(Constructor.java:499)
at java.base/java.lang.reflect.Constructor.newInstance(Constructor.java:480)
at org.openqa.selenium.remote.http.W3CHttpResponseCodec.createException(W3CHttpResponseCodec.java:187)
at org.openqa.selenium.remote.http.W3CHttpResponseCodec.decode(W3CHttpResponseCodec.java:122)
at org.openqa.selenium.remote.http.W3CHttpResponseCodec.decode(W3CHttpResponseCodec.java:49)
at org.openqa.selenium.remote.HttpCommandExecutor.execute(HttpCommandExecutor.java:158)
at org.openqa.selenium.remote.service.DriverCommandExecutor.execute(DriverCommandExecutor.java:83)
at org.openqa.selenium.remote.RemoteWebDriver.execute(RemoteWebDriver.java:552)
at org.openqa.selenium.remote.RemoteWebElement.execute(RemoteWebElement.java:285)
at org.openqa.selenium.remote.RemoteWebElement.click(RemoteWebElement.java:84)
at java.base/jdk.internal.reflect.NativeMethodAccessorImpl.invoke0(Native Method)
at java.base/jdk.internal.reflect.NativeMethodAccessorImpl.invoke(NativeMethodAccessorImpl.java:77)
at java.base/jdk.internal.reflect.DelegatingMethodAccessorImpl.invoke(DelegatingMethodAccessorImpl.java:43)
at java.base/java.lang.reflect.Method.invoke(Method.java:568)
at org.openqa.selenium.support.pagefactory.internal.LocatingElementHandler.invoke(LocatingElementHandler.java:51)
at jdk.proxy2/jdk.proxy2.$Proxy17.click(Unknown Source)
at Pages.NewLaunchesMobAndEle.clickOnMicrosoft(NewLaunchesMobAndEle.java:76)
at testNG.verifyNewLaunchSectionWithLaptop.openApplication(verifyNewLaunchSectionWithLaptop.java:89)
at java.base/jdk.internal.reflect.NativeMethodAccessorImpl.invoke0(Native Method)
at java.base/jdk.internal.reflect.NativeMethodAccessorImpl.invoke(NativeMethodAccessorImpl.java:77)
at java.base/jdk.internal.reflect.DelegatingMethodAccessorImpl.invoke(DelegatingMethodAccessorImpl.java:43)
at java.base/java.lang.reflect.Method.invoke(Method.java:568)
at org.testng.internal.invokers.MethodInvocationHelper.invokeMethod(MethodInvocationHelper.java:139)
at org.testng.internal.invokers.MethodInvocationHelper.invokeMethodConsideringTimeout(MethodInvocationHelper.java:69)
at org.testng.internal.invokers.ConfigInvoker.invokeConfigurationMethod(ConfigInvoker.java:393)
at org.testng.internal.invokers.ConfigInvoker.invokeConfigurations(ConfigInvoker.java:326)
at org.testng.internal.invokers.TestInvoker.runConfigMethods(TestInvoker.java:810)
at org.testng.internal.invokers.TestInvoker.invokeMethod(TestInvoker.java:578)
at org.testng.internal.invokers.TestInvoker.invokeTestMethod(TestInvoker.java:228)
at org.testng.internal.invokers.MethodRunner.runInSequence(MethodRunner.java:63)
at org.testng.internal.invokers.TestInvoker$MethodInvocationAgent.invoke(TestInvoker.java:961)
at org.testng.internal.invokers.TestInvoker.invokeTestMethods(TestInvoker.java:201)
at org.testng.internal.invokers.TestMethodWorker.invokeTestMethods(TestMethodWorker.java:148)
at org.testng.internal.invokers.TestMethodWorker.run(TestMethodWorker.java:128)
at java.base/java.util.concurrent.Executors$RunnableAdapter.call(Executors.java:539)
at java.base/java.util.concurrent.FutureTask.run(FutureTask.java:264)
at org.testng.internal.thread.graph.TestNGFutureTask.run(TestNGFutureTask.java:22)
at java.base/java.util.concurrent.ThreadPoolExecutor.runWorker(ThreadPoolExecutor.java:1136)
at java.base/java.util.concurrent.ThreadPoolExecutor$Worker.run(ThreadPoolExecutor.java:635)
at java.base/java.lang.Thread.run(Thread.java:833)
]]>
            </full-stacktrace>
          </exception> <!-- org.openqa.selenium.ElementClickInterceptedException -->
          <reporter-output>
          </reporter-output>
        </test-method> <!-- verifyAddBothTocartFuctionality -->
        <test-method is-config="true" signature="logOutApplication(org.testng.ITestResult)[pri:0, instance:testNG.verifyNewLaunchSectionWithLaptop@477b4cdf]" started-at="2024-06-27T20:42:15 IST" name="logOutApplication" finished-at="2024-06-27T20:42:15 IST" duration-ms="0" status="SKIP">
          <reporter-output>
          </reporter-output>
        </test-method> <!-- logOutApplication -->
        <test-method signature="verifyGotoCartbuttonOnRightSideSection()[pri:2, instance:testNG.verifyNewLaunchSectionWithLaptop@477b4cdf]" started-at="2024-06-27T20:42:15 IST" name="verifyGotoCartbuttonOnRightSideSection" finished-at="2024-06-27T20:42:15 IST" duration-ms="0" status="SKIP">
          <exception class="org.openqa.selenium.ElementClickInterceptedException">
            <message>
              <![CDATA[Element <a class="a-link-normal s-navigation-item" href="/s?i=computers&bbn=1375424031&rh=n%3A1375424031%2Cp_36%3A7252032031%2Cp_123%3A46655&dc&qid=1719501130&rnid=91049095031&ref=sr_nr_p_123_7&ds=v1%3Al3UHJgwioViX3sXA52TOiigLNmQC9hk1W6I6Fkn%2Ft9U"> is not clickable at point (70,59) because another element <div id="nav-logo"> obscures it
Build info: version: '3.141.59', revision: 'e82be7d358', time: '2018-11-14T08:17:03'
System info: host: 'DESKTOP-BHR3PSD', ip: '192.168.1.8', os.name: 'Windows 11', os.arch: 'amd64', os.version: '10.0', java.version: '17.0.5'
Driver info: org.openqa.selenium.firefox.FirefoxDriver
Capabilities {acceptInsecureCerts: true, browserName: firefox, browserVersion: 127.0, javascriptEnabled: true, moz:accessibilityChecks: false, moz:buildID: 20240606181944, moz:geckodriverVersion: 0.34.0, moz:headless: false, moz:platformVersion: 10.0, moz:processID: 20604, moz:profile: C:\Users\amol\AppData\Local..., moz:shutdownTimeout: 60000, moz:webdriverClick: true, moz:windowless: false, pageLoadStrategy: normal, platform: WINDOWS, platformName: WINDOWS, proxy: Proxy(), setWindowRect: true, strictFileInteractability: false, timeouts: {implicit: 0, pageLoad: 300000, script: 30000}, unhandledPromptBehavior: dismiss and notify, userAgent: Mozilla/5.0 (Windows NT 10....}
Session ID: 6140d9a7-a173-4f1b-b092-3edf3a96f4d5]]>
            </message>
            <full-stacktrace>
              <![CDATA[org.openqa.selenium.ElementClickInterceptedException: Element <a class="a-link-normal s-navigation-item" href="/s?i=computers&bbn=1375424031&rh=n%3A1375424031%2Cp_36%3A7252032031%2Cp_123%3A46655&dc&qid=1719501130&rnid=91049095031&ref=sr_nr_p_123_7&ds=v1%3Al3UHJgwioViX3sXA52TOiigLNmQC9hk1W6I6Fkn%2Ft9U"> is not clickable at point (70,59) because another element <div id="nav-logo"> obscures it
Build info: version: '3.141.59', revision: 'e82be7d358', time: '2018-11-14T08:17:03'
System info: host: 'DESKTOP-BHR3PSD', ip: '192.168.1.8', os.name: 'Windows 11', os.arch: 'amd64', os.version: '10.0', java.version: '17.0.5'
Driver info: org.openqa.selenium.firefox.FirefoxDriver
Capabilities {acceptInsecureCerts: true, browserName: firefox, browserVersion: 127.0, javascriptEnabled: true, moz:accessibilityChecks: false, moz:buildID: 20240606181944, moz:geckodriverVersion: 0.34.0, moz:headless: false, moz:platformVersion: 10.0, moz:processID: 20604, moz:profile: C:\Users\amol\AppData\Local..., moz:shutdownTimeout: 60000, moz:webdriverClick: true, moz:windowless: false, pageLoadStrategy: normal, platform: WINDOWS, platformName: WINDOWS, proxy: Proxy(), setWindowRect: true, strictFileInteractability: false, timeouts: {implicit: 0, pageLoad: 300000, script: 30000}, unhandledPromptBehavior: dismiss and notify, userAgent: Mozilla/5.0 (Windows NT 10....}
Session ID: 6140d9a7-a173-4f1b-b092-3edf3a96f4d5
at java.base/jdk.internal.reflect.NativeConstructorAccessorImpl.newInstance0(Native Method)
at java.base/jdk.internal.reflect.NativeConstructorAccessorImpl.newInstance(NativeConstructorAccessorImpl.java:77)
at java.base/jdk.internal.reflect.DelegatingConstructorAccessorImpl.newInstance(DelegatingConstructorAccessorImpl.java:45)
at java.base/java.lang.reflect.Constructor.newInstanceWithCaller(Constructor.java:499)
at java.base/java.lang.reflect.Constructor.newInstance(Constructor.java:480)
at org.openqa.selenium.remote.http.W3CHttpResponseCodec.createException(W3CHttpResponseCodec.java:187)
at org.openqa.selenium.remote.http.W3CHttpResponseCodec.decode(W3CHttpResponseCodec.java:122)
at org.openqa.selenium.remote.http.W3CHttpResponseCodec.decode(W3CHttpResponseCodec.java:49)
at org.openqa.selenium.remote.HttpCommandExecutor.execute(HttpCommandExecutor.java:158)
at org.openqa.selenium.remote.service.DriverCommandExecutor.execute(DriverCommandExecutor.java:83)
at org.openqa.selenium.remote.RemoteWebDriver.execute(RemoteWebDriver.java:552)
at org.openqa.selenium.remote.RemoteWebElement.execute(RemoteWebElement.java:285)
at org.openqa.selenium.remote.RemoteWebElement.click(RemoteWebElement.java:84)
at java.base/jdk.internal.reflect.NativeMethodAccessorImpl.invoke0(Native Method)
at java.base/jdk.internal.reflect.NativeMethodAccessorImpl.invoke(NativeMethodAccessorImpl.java:77)
at java.base/jdk.internal.reflect.DelegatingMethodAccessorImpl.invoke(DelegatingMethodAccessorImpl.java:43)
at java.base/java.lang.reflect.Method.invoke(Method.java:568)
at org.openqa.selenium.support.pagefactory.internal.LocatingElementHandler.invoke(LocatingElementHandler.java:51)
at jdk.proxy2/jdk.proxy2.$Proxy17.click(Unknown Source)
at Pages.NewLaunchesMobAndEle.clickOnMicrosoft(NewLaunchesMobAndEle.java:76)
at testNG.verifyNewLaunchSectionWithLaptop.openApplication(verifyNewLaunchSectionWithLaptop.java:89)
at java.base/jdk.internal.reflect.NativeMethodAccessorImpl.invoke0(Native Method)
at java.base/jdk.internal.reflect.NativeMethodAccessorImpl.invoke(NativeMethodAccessorImpl.java:77)
at java.base/jdk.internal.reflect.DelegatingMethodAccessorImpl.invoke(DelegatingMethodAccessorImpl.java:43)
at java.base/java.lang.reflect.Method.invoke(Method.java:568)
at org.testng.internal.invokers.MethodInvocationHelper.invokeMethod(MethodInvocationHelper.java:139)
at org.testng.internal.invokers.MethodInvocationHelper.invokeMethodConsideringTimeout(MethodInvocationHelper.java:69)
at org.testng.internal.invokers.ConfigInvoker.invokeConfigurationMethod(ConfigInvoker.java:393)
at org.testng.internal.invokers.ConfigInvoker.invokeConfigurations(ConfigInvoker.java:326)
at org.testng.internal.invokers.TestInvoker.runConfigMethods(TestInvoker.java:810)
at org.testng.internal.invokers.TestInvoker.invokeMethod(TestInvoker.java:578)
at org.testng.internal.invokers.TestInvoker.invokeTestMethod(TestInvoker.java:228)
at org.testng.internal.invokers.MethodRunner.runInSequence(MethodRunner.java:63)
at org.testng.internal.invokers.TestInvoker$MethodInvocationAgent.invoke(TestInvoker.java:961)
at org.testng.internal.invokers.TestInvoker.invokeTestMethods(TestInvoker.java:201)
at org.testng.internal.invokers.TestMethodWorker.invokeTestMethods(TestMethodWorker.java:148)
at org.testng.internal.invokers.TestMethodWorker.run(TestMethodWorker.java:128)
at java.base/java.util.concurrent.Executors$RunnableAdapter.call(Executors.java:539)
at java.base/java.util.concurrent.FutureTask.run(FutureTask.java:264)
at org.testng.internal.thread.graph.TestNGFutureTask.run(TestNGFutureTask.java:22)
at java.base/java.util.concurrent.ThreadPoolExecutor.runWorker(ThreadPoolExecutor.java:1136)
at java.base/java.util.concurrent.ThreadPoolExecutor$Worker.run(ThreadPoolExecutor.java:635)
at java.base/java.lang.Thread.run(Thread.java:833)
]]>
            </full-stacktrace>
          </exception> <!-- org.openqa.selenium.ElementClickInterceptedException -->
          <reporter-output>
          </reporter-output>
        </test-method> <!-- verifyGotoCartbuttonOnRightSideSection -->
        <test-method is-config="true" signature="openApplication()[pri:0, instance:testNG.verifyNewLaunchSectionWithLaptop@477b4cdf]" started-at="2024-06-27T20:42:15 IST" name="openApplication" finished-at="2024-06-27T20:42:15 IST" duration-ms="0" status="SKIP">
          <reporter-output>
          </reporter-output>
        </test-method> <!-- openApplication -->
        <test-method is-config="true" signature="logOutApplication(org.testng.ITestResult)[pri:0, instance:testNG.verifyNewLaunchSectionWithLaptop@477b4cdf]" started-at="2024-06-27T20:42:15 IST" name="logOutApplication" finished-at="2024-06-27T20:42:15 IST" duration-ms="0" status="SKIP">
          <reporter-output>
          </reporter-output>
        </test-method> <!-- logOutApplication -->
        <test-method is-config="true" signature="clearObjects()[pri:0, instance:testNG.verifyNewLaunchSectionWithLaptop@477b4cdf]" started-at="2024-06-27T20:42:15 IST" name="clearObjects" finished-at="2024-06-27T20:42:15 IST" duration-ms="0" status="SKIP">
          <reporter-output>
          </reporter-output>
        </test-method> <!-- clearObjects -->
        <test-method is-config="true" signature="closeBrowser()[pri:0, instance:testNG.verifyNewLaunchSectionWithLaptop@477b4cdf]" started-at="2024-06-27T20:42:36 IST" name="closeBrowser" finished-at="2024-06-27T20:42:38 IST" duration-ms="1882" status="PASS">
          <reporter-output>
          </reporter-output>
        </test-method> <!-- closeBrowser -->
      </class> <!-- testNG.verifyNewLaunchSectionWithLaptop -->
    </test> <!-- FirefoxTest -->
  </suite> <!-- Suite -->
</testng-results>
