<?xml version="1.0" encoding="UTF-8"?>
<!-- Generated by org.testng.reporters.JUnitXMLReporter -->
<testsuite ignored="0" hostname="DESKTOP-BHR3PSD" failures="0" tests="9" name="EdgeTest" time="2.51" errors="0" timestamp="2024-06-27T20:41:19 IST">
  <testcase classname="testNG.verifyNewLaunchSectionWithLaptop" name="verifyAddBothTocartFuctionality" time="0.0">
    <skipped/>
  </testcase> <!-- verifyAddBothTocartFuctionality -->
  <testcase classname="testNG.verifyPrimeVideoTrailerPlayFuctionality" name="primeVideosectionFuctionality" time="0.0">
    <skipped/>
  </testcase> <!-- primeVideosectionFuctionality -->
  <testcase classname="testNG.verifyAddToCartOptionOnApplication" name="addToCartFuctionality" time="0.0">
    <skipped/>
  </testcase> <!-- addToCartFuctionality -->
  <testcase classname="testNG.verifyCustomerServiceSection" name="verifyMsgOnCustomerServicePage" time="0.001">
    <skipped/>
  </testcase> <!-- verifyMsgOnCustomerServicePage -->
  <testcase classname="testNG.verifyNewLaunchSectionWithLaptop" name="verifyGotoCartbuttonOnRightSideSection" time="0.0">
    <skipped/>
  </testcase> <!-- verifyGotoCartbuttonOnRightSideSection -->
  <testcase classname="testNG.verifyPrimeVideoTrailerPlayFuctionality" name="verifyCategorySectionInPrimeVideo" time="0.0">
    <skipped/>
  </testcase> <!-- verifyCategorySectionInPrimeVideo -->
  <testcase classname="testNG.verifyAddToCartOptionOnApplication" name="buyNowFunctionality" time="0.001">
    <skipped/>
  </testcase> <!-- buyNowFunctionality -->
  <testcase classname="testNG.verifyCustomerServiceSection" name="verifyFindMoreSolutionAndAskQuationfunction" time="0.001">
    <skipped/>
  </testcase> <!-- verifyFindMoreSolutionAndAskQuationfunction -->
  <testcase classname="testNG.verifyCustomerServiceSection" name="verifyLaguageSelectionMarathi" time="0.0">
    <skipped/>
  </testcase> <!-- verifyLaguageSelectionMarathi -->
</testsuite> <!-- EdgeTest -->
